<?xml version="1.0" encoding="UTF-8"?>
<coverage generated="1541015373967" clover="3.2.0">
  <project timestamp="1541015373968" name="All files">
    <metrics statements="435" coveredstatements="421" conditionals="315" coveredconditionals="261" methods="73" coveredmethods="73" elements="823" coveredelements="755" complexity="0" loc="435" ncloc="435" packages="2" files="4" classes="4">
      <package name="lib">
        <metrics statements="297" coveredstatements="287" conditionals="192" coveredconditionals="157" methods="44" coveredmethods="44"/>
        <file name="Contract.js" path="/Users/alexandermorris/Downloads/uport-credentials-develop/lib/Contract.js">
          <metrics statements="75" coveredstatements="70" conditionals="43" coveredconditionals="34" methods="11" coveredmethods="11"/>
          <line num="3" count="2" type="stmt"/>
          <line num="6" count="2" type="stmt"/>
          <line num="8" count="2" type="stmt"/>
          <line num="10" count="2" type="stmt"/>
          <line num="12" count="2" type="stmt"/>
          <line num="14" count="2" type="stmt"/>
          <line num="16" count="2" type="stmt"/>
          <line num="18" count="2" type="stmt"/>
          <line num="20" count="2" type="stmt"/>
          <line num="22" count="2" type="stmt"/>
          <line num="24" count="2" type="stmt"/>
          <line num="26" count="2" type="stmt"/>
          <line num="28" count="10" type="cond" truecount="3" falsecount="1"/>
          <line num="32" count="2" type="stmt"/>
          <line num="33" count="8" type="stmt"/>
          <line num="34" count="8" type="cond" truecount="4" falsecount="0"/>
          <line num="36" count="2" type="cond" truecount="1" falsecount="1"/>
          <line num="38" count="2" type="stmt"/>
          <line num="39" count="2" type="stmt"/>
          <line num="40" count="2" type="stmt"/>
          <line num="42" count="2" type="stmt"/>
          <line num="43" count="2" type="stmt"/>
          <line num="44" count="12" type="stmt"/>
          <line num="46" count="12" type="cond" truecount="2" falsecount="0"/>
          <line num="49" count="0" type="stmt"/>
          <line num="50" count="0" type="stmt"/>
          <line num="52" count="2" type="stmt"/>
          <line num="53" count="2" type="cond" truecount="3" falsecount="1"/>
          <line num="54" count="0" type="stmt"/>
          <line num="57" count="2" type="cond" truecount="1" falsecount="1"/>
          <line num="58" count="0" type="stmt"/>
          <line num="63" count="1" type="stmt"/>
          <line num="66" count="2" type="stmt"/>
          <line num="67" count="6" type="stmt"/>
          <line num="68" count="77" type="cond" truecount="3" falsecount="0"/>
          <line num="72" count="2" type="stmt"/>
          <line num="73" count="8" type="stmt"/>
          <line num="75" count="8" type="stmt"/>
          <line num="76" count="12" type="stmt"/>
          <line num="77" count="12" type="stmt"/>
          <line num="79" count="12" type="cond" truecount="2" falsecount="0"/>
          <line num="80" count="4" type="stmt"/>
          <line num="81" count="8" type="cond" truecount="2" falsecount="2"/>
          <line num="84" count="0" type="stmt"/>
          <line num="86" count="8" type="stmt"/>
          <line num="89" count="12" type="stmt"/>
          <line num="91" count="12" type="cond" truecount="2" falsecount="0"/>
          <line num="92" count="4" type="stmt"/>
          <line num="95" count="8" type="stmt"/>
          <line num="98" count="2" type="stmt"/>
          <line num="99" count="6" type="stmt"/>
          <line num="100" count="7" type="stmt"/>
          <line num="101" count="7" type="stmt"/>
          <line num="104" count="6" type="stmt"/>
          <line num="105" count="6" type="cond" truecount="1" falsecount="1"/>
          <line num="106" count="6" type="cond" truecount="1" falsecount="1"/>
          <line num="108" count="6" type="stmt"/>
          <line num="109" count="67" type="stmt"/>
          <line num="111" count="10" type="cond" truecount="2" falsecount="0"/>
          <line num="112" count="1" type="stmt"/>
          <line num="115" count="9" type="cond" truecount="2" falsecount="0"/>
          <line num="116" count="1" type="stmt"/>
          <line num="119" count="8" type="stmt"/>
          <line num="120" count="8" type="stmt"/>
          <line num="121" count="8" type="stmt"/>
          <line num="123" count="8" type="cond" truecount="1" falsecount="1"/>
          <line num="125" count="8" type="cond" truecount="2" falsecount="0"/>
          <line num="126" count="1" type="stmt"/>
          <line num="129" count="8" type="stmt"/>
          <line num="134" count="8" type="cond" truecount="2" falsecount="0"/>
          <line num="136" count="7" type="stmt"/>
          <line num="137" count="7" type="stmt"/>
          <line num="143" count="6" type="stmt"/>
          <line num="146" count="7" type="stmt"/>
          <line num="150" count="2" type="stmt"/>
        </file>
        <file name="Credentials.js" path="/Users/alexandermorris/Downloads/uport-credentials-develop/lib/Credentials.js">
          <metrics statements="222" coveredstatements="217" conditionals="149" coveredconditionals="123" methods="33" coveredmethods="33"/>
          <line num="3" count="1" type="stmt"/>
          <line num="7" count="1" type="stmt"/>
          <line num="9" count="1" type="stmt"/>
          <line num="11" count="1" type="stmt"/>
          <line num="13" count="1" type="stmt"/>
          <line num="15" count="1" type="stmt"/>
          <line num="17" count="1" type="stmt"/>
          <line num="19" count="1" type="stmt"/>
          <line num="21" count="1" type="stmt"/>
          <line num="23" count="1" type="stmt"/>
          <line num="25" count="1" type="stmt"/>
          <line num="27" count="1" type="stmt"/>
          <line num="29" count="1" type="stmt"/>
          <line num="31" count="1" type="stmt"/>
          <line num="33" count="1" type="stmt"/>
          <line num="35" count="1" type="stmt"/>
          <line num="37" count="1" type="stmt"/>
          <line num="39" count="1" type="stmt"/>
          <line num="41" count="1" type="stmt"/>
          <line num="43" count="1" type="stmt"/>
          <line num="45" count="1" type="stmt"/>
          <line num="47" count="1" type="stmt"/>
          <line num="49" count="1" type="stmt"/>
          <line num="51" count="1" type="stmt"/>
          <line num="53" count="1" type="stmt"/>
          <line num="55" count="1" type="stmt"/>
          <line num="57" count="1" type="stmt"/>
          <line num="59" count="1" type="stmt"/>
          <line num="61" count="1" type="stmt"/>
          <line num="63" count="1" type="stmt"/>
          <line num="65" count="1" type="stmt"/>
          <line num="67" count="1" type="stmt"/>
          <line num="69" count="13" type="cond" truecount="4" falsecount="0"/>
          <line num="71" count="1" type="stmt"/>
          <line num="73" count="1" type="stmt"/>
          <line num="87" count="1" type="stmt"/>
          <line num="148" count="16" type="stmt"/>
          <line num="150" count="16" type="cond" truecount="3" falsecount="1"/>
          <line num="151" count="16" type="stmt"/>
          <line num="152" count="16" type="stmt"/>
          <line num="153" count="16" type="stmt"/>
          <line num="154" count="16" type="stmt"/>
          <line num="155" count="16" type="stmt"/>
          <line num="156" count="16" type="stmt"/>
          <line num="157" count="16" type="stmt"/>
          <line num="158" count="16" type="stmt"/>
          <line num="160" count="16" type="stmt"/>
          <line num="162" count="16" type="cond" truecount="2" falsecount="0"/>
          <line num="163" count="1" type="stmt"/>
          <line num="164" count="15" type="cond" truecount="2" falsecount="0"/>
          <line num="165" count="7" type="stmt"/>
          <line num="168" count="16" type="cond" truecount="2" falsecount="0"/>
          <line num="169" count="5" type="stmt"/>
          <line num="170" count="11" type="cond" truecount="2" falsecount="0"/>
          <line num="171" count="3" type="cond" truecount="2" falsecount="0"/>
          <line num="172" count="2" type="stmt"/>
          <line num="174" count="3" type="cond" truecount="2" falsecount="0"/>
          <line num="175" count="1" type="stmt"/>
          <line num="177" count="8" type="cond" truecount="2" falsecount="0"/>
          <line num="178" count="3" type="stmt"/>
          <line num="179" count="3" type="stmt"/>
          <line num="180" count="3" type="stmt"/>
          <line num="183" count="16" type="stmt"/>
          <line num="184" count="47" type="stmt"/>
          <line num="192" count="16" type="cond" truecount="4" falsecount="0"/>
          <line num="193" count="13" type="cond" truecount="2" falsecount="0"/>
          <line num="194" count="13" type="cond" truecount="2" falsecount="0"/>
          <line num="195" count="13" type="stmt"/>
          <line num="211" count="1" type="stmt"/>
          <line num="238" count="22" type="cond" truecount="4" falsecount="0"/>
          <line num="239" count="22" type="cond" truecount="2" falsecount="2"/>
          <line num="241" count="22" type="stmt"/>
          <line num="242" count="22" type="cond" truecount="2" falsecount="0"/>
          <line num="243" count="22" type="cond" truecount="2" falsecount="0"/>
          <line num="244" count="22" type="cond" truecount="2" falsecount="0"/>
          <line num="245" count="22" type="cond" truecount="2" falsecount="0"/>
          <line num="246" count="22" type="cond" truecount="1" falsecount="1"/>
          <line num="247" count="22" type="cond" truecount="2" falsecount="0"/>
          <line num="248" count="22" type="cond" truecount="1" falsecount="1"/>
          <line num="250" count="22" type="cond" truecount="2" falsecount="0"/>
          <line num="251" count="5" type="cond" truecount="2" falsecount="0"/>
          <line num="252" count="4" type="stmt"/>
          <line num="254" count="1" type="stmt"/>
          <line num="258" count="21" type="cond" truecount="1" falsecount="1"/>
          <line num="283" count="3" type="stmt"/>
          <line num="284" count="3" type="stmt"/>
          <line num="285" count="3" type="stmt"/>
          <line num="286" count="3" type="stmt"/>
          <line num="288" count="3" type="stmt"/>
          <line num="324" count="1" type="cond" truecount="3" falsecount="1"/>
          <line num="325" count="1" type="stmt"/>
          <line num="326" count="1" type="stmt"/>
          <line num="327" count="1" type="stmt"/>
          <line num="328" count="1" type="stmt"/>
          <line num="329" count="1" type="stmt"/>
          <line num="331" count="1" type="stmt"/>
          <line num="392" count="1" type="cond" truecount="3" falsecount="1"/>
          <line num="393" count="1" type="stmt"/>
          <line num="394" count="1" type="stmt"/>
          <line num="395" count="1" type="stmt"/>
          <line num="398" count="1" type="stmt"/>
          <line num="433" count="4" type="cond" truecount="4" falsecount="0"/>
          <line num="434" count="4" type="stmt"/>
          <line num="435" count="4" type="stmt"/>
          <line num="436" count="4" type="cond" truecount="1" falsecount="1"/>
          <line num="437" count="4" type="stmt"/>
          <line num="438" count="4" type="stmt"/>
          <line num="440" count="4" type="stmt"/>
          <line num="441" count="4" type="cond" truecount="2" falsecount="0"/>
          <line num="442" count="4" type="cond" truecount="2" falsecount="0"/>
          <line num="443" count="4" type="cond" truecount="1" falsecount="1"/>
          <line num="444" count="4" type="stmt"/>
          <line num="471" count="1" type="stmt"/>
          <line num="472" count="13" type="cond" truecount="4" falsecount="0"/>
          <line num="473" count="13" type="cond" truecount="2" falsecount="2"/>
          <line num="475" count="13" type="stmt"/>
          <line num="476" count="32" type="stmt"/>
          <line num="477" count="39" type="cond" truecount="4" falsecount="1"/>
          <line num="479" count="13" type="cond" truecount="2" falsecount="0"/>
          <line num="480" count="7" type="stmt"/>
          <line num="481" count="7" type="stmt"/>
          <line num="484" count="6" type="stmt"/>
          <line num="485" count="6" type="stmt"/>
          <line num="488" count="6" type="stmt"/>
          <line num="490" count="6" type="cond" truecount="1" falsecount="1"/>
          <line num="491" count="6" type="stmt"/>
          <line num="495" count="13" type="stmt"/>
          <line num="499" count="13" type="stmt"/>
          <line num="506" count="13" type="stmt"/>
          <line num="509" count="1" type="stmt"/>
          <line num="523" count="1" type="stmt"/>
          <line num="524" count="10" type="stmt"/>
          <line num="526" count="10" type="stmt"/>
          <line num="527" count="10" type="stmt"/>
          <line num="529" count="10" type="stmt"/>
          <line num="530" count="22" type="stmt"/>
          <line num="531" count="30" type="cond" truecount="4" falsecount="1"/>
          <line num="533" count="10" type="cond" truecount="7" falsecount="1"/>
          <line num="538" count="10" type="cond" truecount="2" falsecount="0"/>
          <line num="539" count="2" type="stmt"/>
          <line num="540" count="2" type="stmt"/>
          <line num="542" count="10" type="cond" truecount="1" falsecount="1"/>
          <line num="543" count="0" type="stmt"/>
          <line num="546" count="10" type="cond" truecount="2" falsecount="0"/>
          <line num="547" count="8" type="stmt"/>
          <line num="548" count="8" type="stmt"/>
          <line num="551" count="2" type="stmt"/>
          <line num="552" count="2" type="stmt"/>
          <line num="553" count="2" type="stmt"/>
          <line num="557" count="2" type="stmt"/>
          <line num="558" count="2" type="stmt"/>
          <line num="560" count="2" type="stmt"/>
          <line num="565" count="8" type="stmt"/>
          <line num="569" count="10" type="stmt"/>
          <line num="576" count="10" type="stmt"/>
          <line num="579" count="1" type="stmt"/>
          <line num="604" count="1" type="stmt"/>
          <line num="605" count="6" type="cond" truecount="2" falsecount="2"/>
          <line num="609" count="6" type="stmt"/>
          <line num="610" count="23" type="stmt"/>
          <line num="611" count="34" type="cond" truecount="7" falsecount="2"/>
          <line num="613" count="6" type="stmt"/>
          <line num="614" count="6" type="stmt"/>
          <line num="621" count="6" type="stmt"/>
          <line num="622" count="6" type="stmt"/>
          <line num="623" count="6" type="stmt"/>
          <line num="625" count="6" type="cond" truecount="2" falsecount="0"/>
          <line num="626" count="1" type="stmt"/>
          <line num="627" count="1" type="stmt"/>
          <line num="630" count="5" type="stmt"/>
          <line num="631" count="5" type="stmt"/>
          <line num="634" count="5" type="stmt"/>
          <line num="636" count="5" type="cond" truecount="1" falsecount="1"/>
          <line num="637" count="5" type="stmt"/>
          <line num="638" count="5" type="stmt"/>
          <line num="641" count="0" type="stmt"/>
          <line num="644" count="5" type="cond" truecount="1" falsecount="1"/>
          <line num="645" count="5" type="stmt"/>
          <line num="646" count="5" type="stmt"/>
          <line num="649" count="0" type="stmt"/>
          <line num="652" count="5" type="stmt"/>
          <line num="655" count="0" type="stmt"/>
          <line num="656" count="0" type="stmt"/>
          <line num="659" count="1" type="stmt"/>
          <line num="663" count="6" type="stmt"/>
          <line num="670" count="6" type="stmt"/>
          <line num="673" count="1" type="stmt"/>
          <line num="697" count="1" type="stmt"/>
          <line num="700" count="5" type="stmt"/>
          <line num="701" count="15" type="stmt"/>
          <line num="702" count="15" type="cond" truecount="3" falsecount="1"/>
          <line num="704" count="5" type="stmt"/>
          <line num="705" count="5" type="stmt"/>
          <line num="708" count="5" type="stmt"/>
          <line num="709" count="5" type="stmt"/>
          <line num="710" count="5" type="stmt"/>
          <line num="711" count="5" type="stmt"/>
          <line num="715" count="5" type="stmt"/>
          <line num="722" count="5" type="stmt"/>
          <line num="725" count="1" type="stmt"/>
          <line num="740" count="1" type="stmt"/>
          <line num="742" count="1" type="stmt"/>
          <line num="743" count="4" type="cond" truecount="1" falsecount="1"/>
          <line num="744" count="4" type="stmt"/>
          <line num="745" count="4" type="stmt"/>
          <line num="747" count="1" type="stmt"/>
          <line num="752" count="1" type="stmt"/>
          <line num="753" count="1" type="stmt"/>
          <line num="754" count="1" type="stmt"/>
          <line num="755" count="1" type="stmt"/>
          <line num="756" count="1" type="stmt"/>
          <line num="757" count="1" type="stmt"/>
          <line num="760" count="1" type="stmt"/>
          <line num="763" count="1" type="stmt"/>
          <line num="764" count="4" type="stmt"/>
          <line num="765" count="4" type="stmt"/>
          <line num="766" count="4" type="cond" truecount="3" falsecount="1"/>
          <line num="767" count="3" type="stmt"/>
          <line num="768" count="5" type="cond" truecount="2" falsecount="0"/>
          <line num="771" count="1" type="stmt"/>
          <line num="774" count="1" type="stmt"/>
          <line num="777" count="1" type="stmt"/>
        </file>
      </package>
      <package name="src">
        <metrics statements="138" coveredstatements="134" conditionals="123" coveredconditionals="104" methods="29" coveredmethods="29"/>
        <file name="Contract.js" path="/Users/alexandermorris/Downloads/uport-credentials-develop/src/Contract.js">
          <metrics statements="47" coveredstatements="46" conditionals="31" coveredconditionals="25" methods="10" coveredmethods="10"/>
          <line num="4" count="2" type="stmt"/>
          <line num="5" count="8" type="stmt"/>
          <line num="6" count="8" type="cond" truecount="2" falsecount="0"/>
          <line num="8" count="2" type="cond" truecount="1" falsecount="1"/>
          <line num="10" count="2" type="stmt"/>
          <line num="11" count="12" type="cond" truecount="2" falsecount="0"/>
          <line num="14" count="1" type="stmt"/>
          <line num="17" count="2" type="stmt"/>
          <line num="18" count="77" type="cond" truecount="3" falsecount="0"/>
          <line num="21" count="2" type="stmt"/>
          <line num="22" count="8" type="stmt"/>
          <line num="24" count="8" type="stmt"/>
          <line num="25" count="12" type="stmt"/>
          <line num="26" count="12" type="stmt"/>
          <line num="28" count="12" type="cond" truecount="2" falsecount="0"/>
          <line num="29" count="4" type="stmt"/>
          <line num="30" count="8" type="cond" truecount="2" falsecount="2"/>
          <line num="33" count="0" type="stmt"/>
          <line num="35" count="8" type="stmt"/>
          <line num="38" count="12" type="stmt"/>
          <line num="40" count="12" type="cond" truecount="2" falsecount="0"/>
          <line num="41" count="4" type="stmt"/>
          <line num="44" count="8" type="stmt"/>
          <line num="47" count="6" type="stmt"/>
          <line num="48" count="7" type="stmt"/>
          <line num="49" count="7" type="stmt"/>
          <line num="52" count="6" type="stmt"/>
          <line num="53" count="6" type="cond" truecount="1" falsecount="1"/>
          <line num="54" count="6" type="cond" truecount="1" falsecount="1"/>
          <line num="56" count="6" type="stmt"/>
          <line num="57" count="67" type="stmt"/>
          <line num="59" count="10" type="cond" truecount="2" falsecount="0"/>
          <line num="60" count="1" type="stmt"/>
          <line num="63" count="9" type="cond" truecount="2" falsecount="0"/>
          <line num="64" count="1" type="stmt"/>
          <line num="67" count="8" type="stmt"/>
          <line num="68" count="8" type="stmt"/>
          <line num="69" count="8" type="stmt"/>
          <line num="71" count="8" type="cond" truecount="1" falsecount="1"/>
          <line num="73" count="8" type="cond" truecount="2" falsecount="0"/>
          <line num="74" count="1" type="stmt"/>
          <line num="77" count="8" type="stmt"/>
          <line num="83" count="8" type="cond" truecount="2" falsecount="0"/>
          <line num="85" count="7" type="stmt"/>
          <line num="86" count="7" type="stmt"/>
          <line num="92" count="6" type="stmt"/>
          <line num="95" count="7" type="stmt"/>
        </file>
        <file name="Credentials.js" path="/Users/alexandermorris/Downloads/uport-credentials-develop/src/Credentials.js">
          <metrics statements="91" coveredstatements="88" conditionals="92" coveredconditionals="79" methods="19" coveredmethods="19"/>
          <line num="14" count="1" type="stmt"/>
          <line num="16" count="1" type="stmt"/>
          <line num="91" count="16" type="cond" truecount="2" falsecount="0"/>
          <line num="92" count="1" type="stmt"/>
          <line num="93" count="15" type="cond" truecount="2" falsecount="0"/>
          <line num="94" count="7" type="stmt"/>
          <line num="97" count="16" type="cond" truecount="2" falsecount="0"/>
          <line num="98" count="5" type="stmt"/>
          <line num="99" count="11" type="cond" truecount="2" falsecount="0"/>
          <line num="100" count="3" type="cond" truecount="2" falsecount="0"/>
          <line num="101" count="2" type="stmt"/>
          <line num="103" count="3" type="cond" truecount="2" falsecount="0"/>
          <line num="104" count="1" type="stmt"/>
          <line num="106" count="8" type="cond" truecount="2" falsecount="0"/>
          <line num="107" count="3" type="stmt"/>
          <line num="108" count="3" type="stmt"/>
          <line num="109" count="3" type="stmt"/>
          <line num="112" count="16" type="stmt"/>
          <line num="113" count="47" type="stmt"/>
          <line num="120" count="16" type="cond" truecount="4" falsecount="0"/>
          <line num="121" count="13" type="cond" truecount="2" falsecount="0"/>
          <line num="122" count="13" type="cond" truecount="2" falsecount="0"/>
          <line num="123" count="13" type="stmt"/>
          <line num="138" count="1" type="stmt"/>
          <line num="139" count="1" type="stmt"/>
          <line num="140" count="1" type="stmt"/>
          <line num="141" count="1" type="stmt"/>
          <line num="142" count="1" type="stmt"/>
          <line num="143" count="1" type="stmt"/>
          <line num="169" count="22" type="stmt"/>
          <line num="170" count="22" type="cond" truecount="2" falsecount="0"/>
          <line num="171" count="22" type="cond" truecount="2" falsecount="0"/>
          <line num="172" count="22" type="cond" truecount="2" falsecount="0"/>
          <line num="173" count="22" type="cond" truecount="2" falsecount="0"/>
          <line num="174" count="22" type="cond" truecount="1" falsecount="1"/>
          <line num="175" count="22" type="cond" truecount="2" falsecount="0"/>
          <line num="176" count="22" type="cond" truecount="1" falsecount="1"/>
          <line num="178" count="22" type="cond" truecount="2" falsecount="0"/>
          <line num="179" count="5" type="cond" truecount="2" falsecount="0"/>
          <line num="180" count="4" type="stmt"/>
          <line num="182" count="1" type="stmt"/>
          <line num="186" count="21" type="cond" truecount="1" falsecount="1"/>
          <line num="208" count="3" type="stmt"/>
          <line num="241" count="1" type="stmt"/>
          <line num="300" count="1" type="stmt"/>
          <line num="332" count="4" type="stmt"/>
          <line num="333" count="4" type="cond" truecount="2" falsecount="0"/>
          <line num="334" count="4" type="cond" truecount="2" falsecount="0"/>
          <line num="335" count="4" type="cond" truecount="1" falsecount="1"/>
          <line num="336" count="4" type="stmt"/>
          <line num="360" count="13" type="cond" truecount="2" falsecount="0"/>
          <line num="361" count="6" type="stmt"/>
          <line num="362" count="6" type="cond" truecount="1" falsecount="1"/>
          <line num="363" count="6" type="stmt"/>
          <line num="366" count="13" type="stmt"/>
          <line num="377" count="10" type="stmt"/>
          <line num="384" count="10" type="cond" truecount="2" falsecount="0"/>
          <line num="385" count="2" type="stmt"/>
          <line num="386" count="2" type="stmt"/>
          <line num="388" count="10" type="cond" truecount="1" falsecount="1"/>
          <line num="389" count="0" type="stmt"/>
          <line num="391" count="10" type="cond" truecount="2" falsecount="0"/>
          <line num="392" count="2" type="stmt"/>
          <line num="393" count="2" type="stmt"/>
          <line num="395" count="2" type="stmt"/>
          <line num="398" count="8" type="stmt"/>
          <line num="421" count="6" type="stmt"/>
          <line num="427" count="6" type="cond" truecount="2" falsecount="0"/>
          <line num="428" count="5" type="stmt"/>
          <line num="429" count="5" type="cond" truecount="1" falsecount="1"/>
          <line num="430" count="0" type="stmt"/>
          <line num="431" count="5" type="cond" truecount="1" falsecount="1"/>
          <line num="432" count="0" type="stmt"/>
          <line num="434" count="5" type="stmt"/>
          <line num="437" count="1" type="stmt"/>
          <line num="459" count="5" type="stmt"/>
          <line num="460" count="5" type="stmt"/>
          <line num="472" count="1" type="stmt"/>
          <line num="473" count="4" type="cond" truecount="1" falsecount="1"/>
          <line num="474" count="4" type="stmt"/>
          <line num="475" count="4" type="stmt"/>
          <line num="477" count="1" type="stmt"/>
          <line num="481" count="1" type="stmt"/>
          <line num="482" count="4" type="stmt"/>
          <line num="483" count="4" type="stmt"/>
          <line num="484" count="4" type="cond" truecount="2" falsecount="0"/>
          <line num="485" count="3" type="stmt"/>
          <line num="486" count="5" type="cond" truecount="2" falsecount="0"/>
          <line num="487" count="2" type="stmt"/>
          <line num="490" count="1" type="stmt"/>
          <line num="493" count="1" type="stmt"/>
        </file>
      </package>
    </metrics>
  </project>
</coverage>
