{"/Users/alexandermorris/Downloads/uport-credentials-develop/lib/Contract.js": {"path":"/Users/alexandermorris/Downloads/uport-credentials-develop/lib/Contract.js","statementMap":{"0":{"start":{"line":3,"column":0},"end":{"line":5,"column":3}},"1":{"start":{"line":6,"column":0},"end":{"line":6,"column":36}},"2":{"start":{"line":8,"column":26},"end":{"line":8,"column":76}},"3":{"start":{"line":10,"column":26},"end":{"line":10,"column":69}},"4":{"start":{"line":12,"column":16},"end":{"line":12,"column":56}},"5":{"start":{"line":14,"column":16},"end":{"line":14,"column":49}},"6":{"start":{"line":16,"column":20},"end":{"line":16,"column":65}},"7":{"start":{"line":18,"column":20},"end":{"line":18,"column":57}},"8":{"start":{"line":20,"column":12},"end":{"line":20,"column":56}},"9":{"start":{"line":22,"column":13},"end":{"line":22,"column":42}},"10":{"start":{"line":24,"column":15},"end":{"line":24,"column":54}},"11":{"start":{"line":26,"column":15},"end":{"line":26,"column":47}},"12":{"start":{"line":28,"column":39},"end":{"line":28,"column":93}},"13":{"start":{"line":32,"column":26},"end":{"line":64,"column":1}},"14":{"start":{"line":33,"column":27},"end":{"line":33,"column":77}},"15":{"start":{"line":34,"column":2},"end":{"line":34,"column":109}},"16":{"start":{"line":34,"column":96},"end":{"line":34,"column":109}},"17":{"start":{"line":36,"column":2},"end":{"line":36,"column":59}},"18":{"start":{"line":36,"column":47},"end":{"line":36,"column":59}},"19":{"start":{"line":38,"column":34},"end":{"line":38,"column":38}},"20":{"start":{"line":39,"column":26},"end":{"line":39,"column":31}},"21":{"start":{"line":40,"column":23},"end":{"line":40,"column":32}},"22":{"start":{"line":42,"column":2},"end":{"line":61,"column":3}},"23":{"start":{"line":43,"column":4},"end":{"line":47,"column":5}},"24":{"start":{"line":44,"column":17},"end":{"line":44,"column":28}},"25":{"start":{"line":46,"column":6},"end":{"line":46,"column":37}},"26":{"start":{"line":46,"column":25},"end":{"line":46,"column":37}},"27":{"start":{"line":49,"column":4},"end":{"line":49,"column":29}},"28":{"start":{"line":50,"column":4},"end":{"line":50,"column":25}},"29":{"start":{"line":52,"column":4},"end":{"line":60,"column":5}},"30":{"start":{"line":53,"column":6},"end":{"line":55,"column":7}},"31":{"start":{"line":54,"column":8},"end":{"line":54,"column":27}},"32":{"start":{"line":57,"column":6},"end":{"line":59,"column":7}},"33":{"start":{"line":58,"column":8},"end":{"line":58,"column":29}},"34":{"start":{"line":63,"column":2},"end":{"line":63,"column":15}},"35":{"start":{"line":66,"column":32},"end":{"line":70,"column":1}},"36":{"start":{"line":67,"column":2},"end":{"line":69,"column":5}},"37":{"start":{"line":68,"column":4},"end":{"line":68,"column":87}},"38":{"start":{"line":72,"column":27},"end":{"line":96,"column":1}},"39":{"start":{"line":73,"column":19},"end":{"line":73,"column":42}},"40":{"start":{"line":75,"column":2},"end":{"line":94,"column":3}},"41":{"start":{"line":76,"column":16},"end":{"line":76,"column":38}},"42":{"start":{"line":77,"column":20},"end":{"line":77,"column":36}},"43":{"start":{"line":79,"column":4},"end":{"line":87,"column":5}},"44":{"start":{"line":80,"column":6},"end":{"line":80,"column":45}},"45":{"start":{"line":81,"column":11},"end":{"line":87,"column":5}},"46":{"start":{"line":84,"column":6},"end":{"line":84,"column":38}},"47":{"start":{"line":86,"column":6},"end":{"line":86,"column":38}},"48":{"start":{"line":89,"column":4},"end":{"line":89,"column":28}},"49":{"start":{"line":91,"column":4},"end":{"line":93,"column":5}},"50":{"start":{"line":92,"column":6},"end":{"line":92,"column":25}},"51":{"start":{"line":95,"column":2},"end":{"line":95,"column":27}},"52":{"start":{"line":98,"column":22},"end":{"line":148,"column":1}},"53":{"start":{"line":99,"column":2},"end":{"line":147,"column":4}},"54":{"start":{"line":100,"column":17},"end":{"line":100,"column":19}},"55":{"start":{"line":101,"column":4},"end":{"line":144,"column":6}},"56":{"start":{"line":104,"column":19},"end":{"line":104,"column":23}},"57":{"start":{"line":105,"column":8},"end":{"line":105,"column":37}},"58":{"start":{"line":106,"column":8},"end":{"line":106,"column":39}},"59":{"start":{"line":108,"column":8},"end":{"line":140,"column":11}},"60":{"start":{"line":109,"column":10},"end":{"line":139,"column":12}},"61":{"start":{"line":111,"column":12},"end":{"line":113,"column":13}},"62":{"start":{"line":112,"column":14},"end":{"line":112,"column":96}},"63":{"start":{"line":115,"column":12},"end":{"line":117,"column":13}},"64":{"start":{"line":116,"column":14},"end":{"line":116,"column":93}},"65":{"start":{"line":119,"column":35},"end":{"line":119,"column":37}},"66":{"start":{"line":120,"column":29},"end":{"line":120,"column":53}},"67":{"start":{"line":121,"column":24},"end":{"line":121,"column":50}},"68":{"start":{"line":123,"column":12},"end":{"line":138,"column":13}},"69":{"start":{"line":125,"column":14},"end":{"line":127,"column":15}},"70":{"start":{"line":126,"column":16},"end":{"line":126,"column":66}},"71":{"start":{"line":129,"column":35},"end":{"line":132,"column":16}},"72":{"start":{"line":134,"column":14},"end":{"line":134,"column":49}},"73":{"start":{"line":134,"column":27},"end":{"line":134,"column":49}},"74":{"start":{"line":136,"column":31},"end":{"line":136,"column":54}},"75":{"start":{"line":137,"column":14},"end":{"line":137,"column":116}},"76":{"start":{"line":143,"column":6},"end":{"line":143,"column":28}},"77":{"start":{"line":146,"column":4},"end":{"line":146,"column":18}},"78":{"start":{"line":150,"column":0},"end":{"line":150,"column":42}}},"fnMap":{"0":{"name":"_interopRequireDefault","decl":{"start":{"line":28,"column":9},"end":{"line":28,"column":31}},"loc":{"start":{"line":28,"column":37},"end":{"line":28,"column":95}},"line":28},"1":{"name":"isTransactionObject","decl":{"start":{"line":32,"column":35},"end":{"line":32,"column":54}},"loc":{"start":{"line":32,"column":62},"end":{"line":64,"column":1}},"line":32},"2":{"name":"getCallableMethodsFromABI","decl":{"start":{"line":66,"column":41},"end":{"line":66,"column":66}},"loc":{"start":{"line":66,"column":80},"end":{"line":70,"column":1}},"line":66},"3":{"name":"(anonymous_3)","decl":{"start":{"line":67,"column":28},"end":{"line":67,"column":29}},"loc":{"start":{"line":67,"column":44},"end":{"line":69,"column":3}},"line":67},"4":{"name":"encodeMethodReadable","decl":{"start":{"line":72,"column":36},"end":{"line":72,"column":56}},"loc":{"start":{"line":72,"column":83},"end":{"line":96,"column":1}},"line":72},"5":{"name":"ContractFactory","decl":{"start":{"line":98,"column":31},"end":{"line":98,"column":46}},"loc":{"start":{"line":98,"column":55},"end":{"line":148,"column":1}},"line":98},"6":{"name":"(anonymous_6)","decl":{"start":{"line":99,"column":9},"end":{"line":99,"column":10}},"loc":{"start":{"line":99,"column":32},"end":{"line":147,"column":3}},"line":99},"7":{"name":"atContract","decl":{"start":{"line":101,"column":25},"end":{"line":101,"column":35}},"loc":{"start":{"line":101,"column":45},"end":{"line":144,"column":5}},"line":101},"8":{"name":"Contract","decl":{"start":{"line":103,"column":15},"end":{"line":103,"column":23}},"loc":{"start":{"line":103,"column":26},"end":{"line":141,"column":7}},"line":103},"9":{"name":"(anonymous_9)","decl":{"start":{"line":108,"column":55},"end":{"line":108,"column":56}},"loc":{"start":{"line":108,"column":79},"end":{"line":140,"column":9}},"line":108},"10":{"name":"contractMethod","decl":{"start":{"line":109,"column":45},"end":{"line":109,"column":59}},"loc":{"start":{"line":109,"column":62},"end":{"line":139,"column":11}},"line":109}},"branchMap":{"0":{"loc":{"start":{"line":28,"column":46},"end":{"line":28,"column":92}},"type":"cond-expr","locations":[{"start":{"line":28,"column":70},"end":{"line":28,"column":73}},{"start":{"line":28,"column":76},"end":{"line":28,"column":92}}],"line":28},"1":{"loc":{"start":{"line":28,"column":46},"end":{"line":28,"column":67}},"type":"binary-expr","locations":[{"start":{"line":28,"column":46},"end":{"line":28,"column":49}},{"start":{"line":28,"column":53},"end":{"line":28,"column":67}}],"line":28},"2":{"loc":{"start":{"line":34,"column":2},"end":{"line":34,"column":109}},"type":"if","locations":[{"start":{"line":34,"column":2},"end":{"line":34,"column":109}},{"start":{"line":34,"column":2},"end":{"line":34,"column":109}}],"line":34},"3":{"loc":{"start":{"line":34,"column":7},"end":{"line":34,"column":80}},"type":"cond-expr","locations":[{"start":{"line":34,"column":38},"end":{"line":34,"column":49}},{"start":{"line":34,"column":52},"end":{"line":34,"column":80}}],"line":34},"4":{"loc":{"start":{"line":36,"column":2},"end":{"line":36,"column":59}},"type":"if","locations":[{"start":{"line":36,"column":2},"end":{"line":36,"column":59}},{"start":{"line":36,"column":2},"end":{"line":36,"column":59}}],"line":36},"5":{"loc":{"start":{"line":46,"column":6},"end":{"line":46,"column":37}},"type":"if","locations":[{"start":{"line":46,"column":6},"end":{"line":46,"column":37}},{"start":{"line":46,"column":6},"end":{"line":46,"column":37}}],"line":46},"6":{"loc":{"start":{"line":53,"column":6},"end":{"line":55,"column":7}},"type":"if","locations":[{"start":{"line":53,"column":6},"end":{"line":55,"column":7}},{"start":{"line":53,"column":6},"end":{"line":55,"column":7}}],"line":53},"7":{"loc":{"start":{"line":53,"column":10},"end":{"line":53,"column":56}},"type":"binary-expr","locations":[{"start":{"line":53,"column":10},"end":{"line":53,"column":36}},{"start":{"line":53,"column":40},"end":{"line":53,"column":56}}],"line":53},"8":{"loc":{"start":{"line":57,"column":6},"end":{"line":59,"column":7}},"type":"if","locations":[{"start":{"line":57,"column":6},"end":{"line":59,"column":7}},{"start":{"line":57,"column":6},"end":{"line":59,"column":7}}],"line":57},"9":{"loc":{"start":{"line":68,"column":11},"end":{"line":68,"column":86}},"type":"binary-expr","locations":[{"start":{"line":68,"column":12},"end":{"line":68,"column":36}},{"start":{"line":68,"column":40},"end":{"line":68,"column":61}},{"start":{"line":68,"column":66},"end":{"line":68,"column":86}}],"line":68},"10":{"loc":{"start":{"line":79,"column":4},"end":{"line":87,"column":5}},"type":"if","locations":[{"start":{"line":79,"column":4},"end":{"line":87,"column":5}},{"start":{"line":79,"column":4},"end":{"line":87,"column":5}}],"line":79},"11":{"loc":{"start":{"line":81,"column":11},"end":{"line":87,"column":5}},"type":"if","locations":[{"start":{"line":81,"column":11},"end":{"line":87,"column":5}},{"start":{"line":81,"column":11},"end":{"line":87,"column":5}}],"line":81},"12":{"loc":{"start":{"line":81,"column":31},"end":{"line":81,"column":51}},"type":"binary-expr","locations":[{"start":{"line":81,"column":31},"end":{"line":81,"column":40}},{"start":{"line":81,"column":44},"end":{"line":81,"column":51}}],"line":81},"13":{"loc":{"start":{"line":91,"column":4},"end":{"line":93,"column":5}},"type":"if","locations":[{"start":{"line":91,"column":4},"end":{"line":93,"column":5}},{"start":{"line":91,"column":4},"end":{"line":93,"column":5}}],"line":91},"14":{"loc":{"start":{"line":105,"column":19},"end":{"line":105,"column":36}},"type":"binary-expr","locations":[{"start":{"line":105,"column":19},"end":{"line":105,"column":30}},{"start":{"line":105,"column":34},"end":{"line":105,"column":36}}],"line":105},"15":{"loc":{"start":{"line":106,"column":23},"end":{"line":106,"column":38}},"type":"binary-expr","locations":[{"start":{"line":106,"column":23},"end":{"line":106,"column":30}},{"start":{"line":106,"column":34},"end":{"line":106,"column":38}}],"line":106},"16":{"loc":{"start":{"line":111,"column":12},"end":{"line":113,"column":13}},"type":"if","locations":[{"start":{"line":111,"column":12},"end":{"line":113,"column":13}},{"start":{"line":111,"column":12},"end":{"line":113,"column":13}}],"line":111},"17":{"loc":{"start":{"line":115,"column":12},"end":{"line":117,"column":13}},"type":"if","locations":[{"start":{"line":115,"column":12},"end":{"line":117,"column":13}},{"start":{"line":115,"column":12},"end":{"line":117,"column":13}}],"line":115},"18":{"loc":{"start":{"line":123,"column":12},"end":{"line":138,"column":13}},"type":"if","locations":[{"start":{"line":123,"column":12},"end":{"line":138,"column":13}},{"start":{"line":123,"column":12},"end":{"line":138,"column":13}}],"line":123},"19":{"loc":{"start":{"line":125,"column":14},"end":{"line":127,"column":15}},"type":"if","locations":[{"start":{"line":125,"column":14},"end":{"line":127,"column":15}},{"start":{"line":125,"column":14},"end":{"line":127,"column":15}}],"line":125},"20":{"loc":{"start":{"line":134,"column":14},"end":{"line":134,"column":49}},"type":"if","locations":[{"start":{"line":134,"column":14},"end":{"line":134,"column":49}},{"start":{"line":134,"column":14},"end":{"line":134,"column":49}}],"line":134}},"s":{"0":2,"1":2,"2":2,"3":2,"4":2,"5":2,"6":2,"7":2,"8":2,"9":2,"10":2,"11":2,"12":10,"13":2,"14":8,"15":8,"16":6,"17":2,"18":0,"19":2,"20":2,"21":2,"22":2,"23":2,"24":12,"25":12,"26":1,"27":0,"28":0,"29":2,"30":2,"31":0,"32":2,"33":0,"34":1,"35":2,"36":6,"37":77,"38":2,"39":8,"40":8,"41":12,"42":12,"43":12,"44":4,"45":8,"46":0,"47":8,"48":12,"49":12,"50":4,"51":8,"52":2,"53":6,"54":7,"55":7,"56":6,"57":6,"58":6,"59":6,"60":67,"61":10,"62":1,"63":9,"64":1,"65":8,"66":8,"67":8,"68":8,"69":8,"70":1,"71":8,"72":8,"73":1,"74":7,"75":7,"76":6,"77":7,"78":2},"f":{"0":10,"1":8,"2":6,"3":77,"4":8,"5":6,"6":7,"7":6,"8":6,"9":67,"10":10},"b":{"0":[10,0],"1":[10,10],"2":[6,2],"3":[5,3],"4":[0,2],"5":[1,11],"6":[0,2],"7":[2,1],"8":[0,2],"9":[77,20,67],"10":[4,8],"11":[0,8],"12":[8,0],"13":[4,8],"14":[6,0],"15":[6,0],"16":[1,9],"17":[1,8],"18":[8,0],"19":[1,7],"20":[1,7]},"_coverageSchema":"332fd63041d2c1bcb487cc26dd0d5f7d97098a6c","hash":"6437bd83804f53f76ed74576c6efbd63ab09aeaf"}
,"/Users/alexandermorris/Downloads/uport-credentials-develop/lib/Credentials.js": {"path":"/Users/alexandermorris/Downloads/uport-credentials-develop/lib/Credentials.js","statementMap":{"0":{"start":{"line":3,"column":0},"end":{"line":5,"column":3}},"1":{"start":{"line":7,"column":15},"end":{"line":7,"column":54}},"2":{"start":{"line":9,"column":15},"end":{"line":9,"column":47}},"3":{"start":{"line":11,"column":12},"end":{"line":11,"column":56}},"4":{"start":{"line":13,"column":13},"end":{"line":13,"column":42}},"5":{"start":{"line":15,"column":19},"end":{"line":15,"column":55}},"6":{"start":{"line":17,"column":20},"end":{"line":17,"column":56}},"7":{"start":{"line":19,"column":25},"end":{"line":19,"column":74}},"8":{"start":{"line":21,"column":25},"end":{"line":21,"column":67}},"9":{"start":{"line":23,"column":16},"end":{"line":23,"column":56}},"10":{"start":{"line":25,"column":16},"end":{"line":25,"column":49}},"11":{"start":{"line":27,"column":15},"end":{"line":27,"column":55}},"12":{"start":{"line":29,"column":16},"end":{"line":29,"column":48}},"13":{"start":{"line":31,"column":23},"end":{"line":31,"column":70}},"14":{"start":{"line":33,"column":23},"end":{"line":33,"column":63}},"15":{"start":{"line":35,"column":20},"end":{"line":35,"column":64}},"16":{"start":{"line":37,"column":20},"end":{"line":37,"column":57}},"17":{"start":{"line":39,"column":16},"end":{"line":39,"column":35}},"18":{"start":{"line":41,"column":14},"end":{"line":41,"column":32}},"19":{"start":{"line":43,"column":14},"end":{"line":43,"column":43}},"20":{"start":{"line":45,"column":24},"end":{"line":45,"column":53}},"21":{"start":{"line":47,"column":25},"end":{"line":47,"column":66}},"22":{"start":{"line":49,"column":25},"end":{"line":49,"column":55}},"23":{"start":{"line":51,"column":26},"end":{"line":51,"column":68}},"24":{"start":{"line":53,"column":23},"end":{"line":53,"column":51}},"25":{"start":{"line":55,"column":24},"end":{"line":55,"column":64}},"26":{"start":{"line":57,"column":24},"end":{"line":57,"column":53}},"27":{"start":{"line":59,"column":25},"end":{"line":59,"column":66}},"28":{"start":{"line":61,"column":17},"end":{"line":61,"column":38}},"29":{"start":{"line":63,"column":18},"end":{"line":63,"column":52}},"30":{"start":{"line":65,"column":12},"end":{"line":65,"column":27}},"31":{"start":{"line":67,"column":16},"end":{"line":67,"column":40}},"32":{"start":{"line":69,"column":39},"end":{"line":69,"column":93}},"33":{"start":{"line":71,"column":16},"end":{"line":71,"column":45}},"34":{"start":{"line":73,"column":12},"end":{"line":86,"column":1}},"35":{"start":{"line":87,"column":18},"end":{"line":761,"column":3}},"36":{"start":{"line":148,"column":16},"end":{"line":148,"column":20}},"37":{"start":{"line":150,"column":15},"end":{"line":150,"column":85}},"38":{"start":{"line":151,"column":14},"end":{"line":151,"column":22}},"39":{"start":{"line":152,"column":18},"end":{"line":152,"column":30}},"40":{"start":{"line":153,"column":21},"end":{"line":153,"column":36}},"41":{"start":{"line":154,"column":17},"end":{"line":154,"column":28}},"42":{"start":{"line":155,"column":19},"end":{"line":155,"column":32}},"43":{"start":{"line":156,"column":19},"end":{"line":156,"column":32}},"44":{"start":{"line":157,"column":21},"end":{"line":157,"column":36}},"45":{"start":{"line":158,"column":23},"end":{"line":158,"column":40}},"46":{"start":{"line":160,"column":4},"end":{"line":160,"column":53}},"47":{"start":{"line":162,"column":4},"end":{"line":166,"column":5}},"48":{"start":{"line":163,"column":6},"end":{"line":163,"column":27}},"49":{"start":{"line":164,"column":11},"end":{"line":166,"column":5}},"50":{"start":{"line":165,"column":6},"end":{"line":165,"column":58}},"51":{"start":{"line":168,"column":4},"end":{"line":181,"column":5}},"52":{"start":{"line":169,"column":6},"end":{"line":169,"column":21}},"53":{"start":{"line":170,"column":11},"end":{"line":181,"column":5}},"54":{"start":{"line":171,"column":6},"end":{"line":173,"column":7}},"55":{"start":{"line":172,"column":8},"end":{"line":172,"column":42}},"56":{"start":{"line":174,"column":6},"end":{"line":176,"column":7}},"57":{"start":{"line":175,"column":8},"end":{"line":175,"column":41}},"58":{"start":{"line":177,"column":11},"end":{"line":181,"column":5}},"59":{"start":{"line":178,"column":15},"end":{"line":178,"column":51}},"60":{"start":{"line":179,"column":21},"end":{"line":179,"column":72}},"61":{"start":{"line":180,"column":6},"end":{"line":180,"column":40}},"62":{"start":{"line":183,"column":4},"end":{"line":190,"column":6}},"63":{"start":{"line":184,"column":6},"end":{"line":189,"column":9}},"64":{"start":{"line":192,"column":4},"end":{"line":192,"column":130}},"65":{"start":{"line":193,"column":4},"end":{"line":193,"column":53}},"66":{"start":{"line":194,"column":4},"end":{"line":194,"column":57}},"67":{"start":{"line":195,"column":4},"end":{"line":195,"column":38}},"68":{"start":{"line":211,"column":2},"end":{"line":759,"column":6}},"69":{"start":{"line":238,"column":19},"end":{"line":238,"column":89}},"70":{"start":{"line":239,"column":22},"end":{"line":239,"column":93}},"71":{"start":{"line":241,"column":20},"end":{"line":241,"column":22}},"72":{"start":{"line":242,"column":6},"end":{"line":242,"column":65}},"73":{"start":{"line":242,"column":28},"end":{"line":242,"column":65}},"74":{"start":{"line":243,"column":6},"end":{"line":243,"column":62}},"75":{"start":{"line":243,"column":27},"end":{"line":243,"column":62}},"76":{"start":{"line":244,"column":6},"end":{"line":244,"column":72}},"77":{"start":{"line":244,"column":32},"end":{"line":244,"column":72}},"78":{"start":{"line":245,"column":6},"end":{"line":245,"column":68}},"79":{"start":{"line":245,"column":30},"end":{"line":245,"column":68}},"80":{"start":{"line":246,"column":6},"end":{"line":246,"column":61}},"81":{"start":{"line":246,"column":29},"end":{"line":246,"column":61}},"82":{"start":{"line":247,"column":6},"end":{"line":247,"column":44}},"83":{"start":{"line":247,"column":21},"end":{"line":247,"column":44}},"84":{"start":{"line":248,"column":6},"end":{"line":248,"column":47}},"85":{"start":{"line":248,"column":22},"end":{"line":248,"column":47}},"86":{"start":{"line":250,"column":6},"end":{"line":256,"column":7}},"87":{"start":{"line":251,"column":8},"end":{"line":255,"column":9}},"88":{"start":{"line":252,"column":10},"end":{"line":252,"column":43}},"89":{"start":{"line":254,"column":10},"end":{"line":254,"column":102}},"90":{"start":{"line":258,"column":6},"end":{"line":258,"column":135}},"91":{"start":{"line":283,"column":16},"end":{"line":283,"column":25}},"92":{"start":{"line":284,"column":18},"end":{"line":284,"column":29}},"93":{"start":{"line":285,"column":16},"end":{"line":285,"column":25}},"94":{"start":{"line":286,"column":15},"end":{"line":286,"column":23}},"95":{"start":{"line":288,"column":6},"end":{"line":288,"column":72}},"96":{"start":{"line":324,"column":18},"end":{"line":324,"column":88}},"97":{"start":{"line":325,"column":16},"end":{"line":325,"column":25}},"98":{"start":{"line":326,"column":16},"end":{"line":326,"column":25}},"99":{"start":{"line":327,"column":17},"end":{"line":327,"column":27}},"100":{"start":{"line":328,"column":24},"end":{"line":328,"column":41}},"101":{"start":{"line":329,"column":15},"end":{"line":329,"column":23}},"102":{"start":{"line":331,"column":6},"end":{"line":339,"column":9}},"103":{"start":{"line":392,"column":18},"end":{"line":392,"column":88}},"104":{"start":{"line":393,"column":16},"end":{"line":393,"column":25}},"105":{"start":{"line":394,"column":16},"end":{"line":394,"column":25}},"106":{"start":{"line":395,"column":24},"end":{"line":395,"column":41}},"107":{"start":{"line":398,"column":6},"end":{"line":404,"column":9}},"108":{"start":{"line":433,"column":18},"end":{"line":433,"column":88}},"109":{"start":{"line":434,"column":24},"end":{"line":434,"column":41}},"110":{"start":{"line":435,"column":22},"end":{"line":435,"column":31}},"111":{"start":{"line":436,"column":16},"end":{"line":436,"column":57}},"112":{"start":{"line":437,"column":22},"end":{"line":437,"column":37}},"113":{"start":{"line":438,"column":18},"end":{"line":438,"column":29}},"114":{"start":{"line":440,"column":20},"end":{"line":440,"column":22}},"115":{"start":{"line":441,"column":6},"end":{"line":441,"column":54}},"116":{"start":{"line":441,"column":23},"end":{"line":441,"column":54}},"117":{"start":{"line":442,"column":6},"end":{"line":442,"column":45}},"118":{"start":{"line":442,"column":21},"end":{"line":442,"column":45}},"119":{"start":{"line":443,"column":6},"end":{"line":443,"column":39}},"120":{"start":{"line":443,"column":17},"end":{"line":443,"column":39}},"121":{"start":{"line":444,"column":6},"end":{"line":444,"column":107}},"122":{"start":{"line":471,"column":18},"end":{"line":503,"column":9}},"123":{"start":{"line":472,"column":22},"end":{"line":472,"column":92}},"124":{"start":{"line":473,"column":24},"end":{"line":473,"column":95}},"125":{"start":{"line":475,"column":8},"end":{"line":502,"column":26}},"126":{"start":{"line":476,"column":10},"end":{"line":501,"column":11}},"127":{"start":{"line":477,"column":12},"end":{"line":500,"column":13}},"128":{"start":{"line":479,"column":16},"end":{"line":482,"column":17}},"129":{"start":{"line":480,"column":18},"end":{"line":480,"column":36}},"130":{"start":{"line":481,"column":18},"end":{"line":481,"column":24}},"131":{"start":{"line":484,"column":16},"end":{"line":484,"column":34}},"132":{"start":{"line":485,"column":16},"end":{"line":485,"column":59}},"133":{"start":{"line":488,"column":16},"end":{"line":488,"column":41}},"134":{"start":{"line":490,"column":16},"end":{"line":492,"column":17}},"135":{"start":{"line":491,"column":18},"end":{"line":491,"column":48}},"136":{"start":{"line":495,"column":16},"end":{"line":495,"column":148}},"137":{"start":{"line":499,"column":16},"end":{"line":499,"column":39}},"138":{"start":{"line":506,"column":8},"end":{"line":506,"column":44}},"139":{"start":{"line":509,"column":6},"end":{"line":509,"column":38}},"140":{"start":{"line":523,"column":18},"end":{"line":573,"column":9}},"141":{"start":{"line":524,"column":21},"end":{"line":524,"column":25}},"142":{"start":{"line":526,"column":18},"end":{"line":526,"column":27}},"143":{"start":{"line":527,"column":22},"end":{"line":527,"column":35}},"144":{"start":{"line":529,"column":8},"end":{"line":572,"column":27}},"145":{"start":{"line":530,"column":10},"end":{"line":571,"column":11}},"146":{"start":{"line":531,"column":12},"end":{"line":570,"column":13}},"147":{"start":{"line":533,"column":16},"end":{"line":536,"column":19}},"148":{"start":{"line":538,"column":16},"end":{"line":541,"column":17}},"149":{"start":{"line":539,"column":18},"end":{"line":539,"column":49}},"150":{"start":{"line":540,"column":18},"end":{"line":540,"column":79}},"151":{"start":{"line":542,"column":16},"end":{"line":544,"column":17}},"152":{"start":{"line":543,"column":18},"end":{"line":543,"column":54}},"153":{"start":{"line":546,"column":16},"end":{"line":549,"column":17}},"154":{"start":{"line":547,"column":18},"end":{"line":547,"column":38}},"155":{"start":{"line":548,"column":18},"end":{"line":548,"column":24}},"156":{"start":{"line":551,"column":16},"end":{"line":551,"column":35}},"157":{"start":{"line":552,"column":16},"end":{"line":554,"column":20}},"158":{"start":{"line":553,"column":18},"end":{"line":553,"column":81}},"159":{"start":{"line":557,"column":16},"end":{"line":557,"column":42}},"160":{"start":{"line":558,"column":16},"end":{"line":562,"column":20}},"161":{"start":{"line":560,"column":20},"end":{"line":560,"column":81}},"162":{"start":{"line":565,"column":16},"end":{"line":565,"column":63}},"163":{"start":{"line":569,"column":16},"end":{"line":569,"column":40}},"164":{"start":{"line":576,"column":8},"end":{"line":576,"column":44}},"165":{"start":{"line":579,"column":6},"end":{"line":579,"column":38}},"166":{"start":{"line":604,"column":18},"end":{"line":667,"column":9}},"167":{"start":{"line":605,"column":26},"end":{"line":605,"column":98}},"168":{"start":{"line":609,"column":8},"end":{"line":666,"column":27}},"169":{"start":{"line":610,"column":10},"end":{"line":665,"column":11}},"170":{"start":{"line":611,"column":12},"end":{"line":664,"column":13}},"171":{"start":{"line":613,"column":16},"end":{"line":613,"column":35}},"172":{"start":{"line":614,"column":16},"end":{"line":618,"column":19}},"173":{"start":{"line":621,"column":16},"end":{"line":621,"column":40}},"174":{"start":{"line":622,"column":16},"end":{"line":622,"column":41}},"175":{"start":{"line":623,"column":16},"end":{"line":623,"column":33}},"176":{"start":{"line":625,"column":16},"end":{"line":628,"column":17}},"177":{"start":{"line":626,"column":18},"end":{"line":626,"column":38}},"178":{"start":{"line":627,"column":18},"end":{"line":627,"column":24}},"179":{"start":{"line":630,"column":16},"end":{"line":630,"column":35}},"180":{"start":{"line":631,"column":16},"end":{"line":631,"column":59}},"181":{"start":{"line":634,"column":16},"end":{"line":634,"column":43}},"182":{"start":{"line":636,"column":16},"end":{"line":639,"column":17}},"183":{"start":{"line":637,"column":18},"end":{"line":637,"column":38}},"184":{"start":{"line":638,"column":18},"end":{"line":638,"column":24}},"185":{"start":{"line":641,"column":16},"end":{"line":641,"column":131}},"186":{"start":{"line":644,"column":16},"end":{"line":647,"column":17}},"187":{"start":{"line":645,"column":18},"end":{"line":645,"column":38}},"188":{"start":{"line":646,"column":18},"end":{"line":646,"column":24}},"189":{"start":{"line":649,"column":16},"end":{"line":649,"column":93}},"190":{"start":{"line":652,"column":16},"end":{"line":652,"column":113}},"191":{"start":{"line":655,"column":16},"end":{"line":655,"column":36}},"192":{"start":{"line":656,"column":16},"end":{"line":656,"column":22}},"193":{"start":{"line":659,"column":16},"end":{"line":659,"column":74}},"194":{"start":{"line":663,"column":16},"end":{"line":663,"column":40}},"195":{"start":{"line":670,"column":8},"end":{"line":670,"column":44}},"196":{"start":{"line":673,"column":6},"end":{"line":673,"column":44}},"197":{"start":{"line":697,"column":19},"end":{"line":719,"column":9}},"198":{"start":{"line":700,"column":8},"end":{"line":718,"column":27}},"199":{"start":{"line":701,"column":10},"end":{"line":717,"column":11}},"200":{"start":{"line":702,"column":12},"end":{"line":716,"column":13}},"201":{"start":{"line":704,"column":16},"end":{"line":704,"column":35}},"202":{"start":{"line":705,"column":16},"end":{"line":705,"column":77}},"203":{"start":{"line":708,"column":16},"end":{"line":708,"column":40}},"204":{"start":{"line":709,"column":16},"end":{"line":709,"column":41}},"205":{"start":{"line":710,"column":16},"end":{"line":710,"column":33}},"206":{"start":{"line":711,"column":16},"end":{"line":711,"column":113}},"207":{"start":{"line":715,"column":16},"end":{"line":715,"column":40}},"208":{"start":{"line":722,"column":8},"end":{"line":722,"column":45}},"209":{"start":{"line":725,"column":6},"end":{"line":725,"column":30}},"210":{"start":{"line":740,"column":19},"end":{"line":740,"column":23}},"211":{"start":{"line":742,"column":25},"end":{"line":746,"column":7}},"212":{"start":{"line":743,"column":8},"end":{"line":743,"column":54}},"213":{"start":{"line":743,"column":28},"end":{"line":743,"column":54}},"214":{"start":{"line":744,"column":8},"end":{"line":744,"column":33}},"215":{"start":{"line":745,"column":8},"end":{"line":745,"column":51}},"216":{"start":{"line":747,"column":6},"end":{"line":747,"column":74}},"217":{"start":{"line":752,"column":15},"end":{"line":752,"column":37}},"218":{"start":{"line":753,"column":22},"end":{"line":753,"column":41}},"219":{"start":{"line":754,"column":23},"end":{"line":754,"column":43}},"220":{"start":{"line":755,"column":20},"end":{"line":755,"column":61}},"221":{"start":{"line":756,"column":16},"end":{"line":756,"column":37}},"222":{"start":{"line":757,"column":6},"end":{"line":757,"column":50}},"223":{"start":{"line":760,"column":2},"end":{"line":760,"column":21}},"224":{"start":{"line":763,"column":21},"end":{"line":775,"column":1}},"225":{"start":{"line":764,"column":2},"end":{"line":773,"column":5}},"226":{"start":{"line":765,"column":14},"end":{"line":765,"column":23}},"227":{"start":{"line":766,"column":4},"end":{"line":772,"column":5}},"228":{"start":{"line":767,"column":7},"end":{"line":769,"column":9}},"229":{"start":{"line":768,"column":8},"end":{"line":768,"column":138}},"230":{"start":{"line":768,"column":38},"end":{"line":768,"column":138}},"231":{"start":{"line":771,"column":6},"end":{"line":771,"column":63}},"232":{"start":{"line":774,"column":2},"end":{"line":774,"column":14}},"233":{"start":{"line":777,"column":0},"end":{"line":777,"column":30}}},"fnMap":{"0":{"name":"_interopRequireDefault","decl":{"start":{"line":69,"column":9},"end":{"line":69,"column":31}},"loc":{"start":{"line":69,"column":37},"end":{"line":69,"column":95}},"line":69},"1":{"name":"(anonymous_1)","decl":{"start":{"line":87,"column":18},"end":{"line":87,"column":19}},"loc":{"start":{"line":87,"column":30},"end":{"line":761,"column":1}},"line":87},"2":{"name":"Credentials","decl":{"start":{"line":147,"column":11},"end":{"line":147,"column":22}},"loc":{"start":{"line":147,"column":25},"end":{"line":196,"column":3}},"line":147},"3":{"name":"(anonymous_3)","decl":{"start":{"line":183,"column":19},"end":{"line":183,"column":20}},"loc":{"start":{"line":183,"column":49},"end":{"line":190,"column":5}},"line":183},"4":{"name":"createDisclosureRequest","decl":{"start":{"line":237,"column":20},"end":{"line":237,"column":43}},"loc":{"start":{"line":237,"column":46},"end":{"line":259,"column":5}},"line":237},"5":{"name":"createVerification","decl":{"start":{"line":282,"column":20},"end":{"line":282,"column":38}},"loc":{"start":{"line":282,"column":46},"end":{"line":289,"column":5}},"line":282},"6":{"name":"createVerificationSignatureRequest","decl":{"start":{"line":323,"column":20},"end":{"line":323,"column":54}},"loc":{"start":{"line":323,"column":70},"end":{"line":340,"column":5}},"line":323},"7":{"name":"createTypedDataSignatureRequest","decl":{"start":{"line":391,"column":20},"end":{"line":391,"column":51}},"loc":{"start":{"line":391,"column":63},"end":{"line":405,"column":5}},"line":391},"8":{"name":"createTxRequest","decl":{"start":{"line":432,"column":20},"end":{"line":432,"column":35}},"loc":{"start":{"line":432,"column":43},"end":{"line":445,"column":5}},"line":432},"9":{"name":"(anonymous_9)","decl":{"start":{"line":470,"column":11},"end":{"line":470,"column":12}},"loc":{"start":{"line":470,"column":23},"end":{"line":510,"column":5}},"line":470},"10":{"name":"_callee","decl":{"start":{"line":471,"column":100},"end":{"line":471,"column":107}},"loc":{"start":{"line":471,"column":110},"end":{"line":503,"column":7}},"line":471},"11":{"name":"_callee$","decl":{"start":{"line":475,"column":51},"end":{"line":475,"column":59}},"loc":{"start":{"line":475,"column":70},"end":{"line":502,"column":9}},"line":475},"12":{"name":"createDisclosureResponse","decl":{"start":{"line":505,"column":15},"end":{"line":505,"column":39}},"loc":{"start":{"line":505,"column":42},"end":{"line":507,"column":7}},"line":505},"13":{"name":"(anonymous_13)","decl":{"start":{"line":522,"column":11},"end":{"line":522,"column":12}},"loc":{"start":{"line":522,"column":23},"end":{"line":580,"column":5}},"line":522},"14":{"name":"_callee2","decl":{"start":{"line":523,"column":100},"end":{"line":523,"column":108}},"loc":{"start":{"line":523,"column":116},"end":{"line":573,"column":7}},"line":523},"15":{"name":"_callee2$","decl":{"start":{"line":529,"column":51},"end":{"line":529,"column":60}},"loc":{"start":{"line":529,"column":72},"end":{"line":572,"column":9}},"line":529},"16":{"name":"(anonymous_16)","decl":{"start":{"line":552,"column":66},"end":{"line":552,"column":67}},"loc":{"start":{"line":552,"column":83},"end":{"line":554,"column":17}},"line":552},"17":{"name":"(anonymous_17)","decl":{"start":{"line":559,"column":41},"end":{"line":559,"column":42}},"loc":{"start":{"line":559,"column":54},"end":{"line":561,"column":19}},"line":559},"18":{"name":"processDisclosurePayload","decl":{"start":{"line":575,"column":15},"end":{"line":575,"column":39}},"loc":{"start":{"line":575,"column":45},"end":{"line":577,"column":7}},"line":575},"19":{"name":"(anonymous_19)","decl":{"start":{"line":603,"column":11},"end":{"line":603,"column":12}},"loc":{"start":{"line":603,"column":23},"end":{"line":674,"column":5}},"line":603},"20":{"name":"_callee3","decl":{"start":{"line":604,"column":100},"end":{"line":604,"column":108}},"loc":{"start":{"line":604,"column":116},"end":{"line":667,"column":7}},"line":604},"21":{"name":"_callee3$","decl":{"start":{"line":609,"column":51},"end":{"line":609,"column":60}},"loc":{"start":{"line":609,"column":72},"end":{"line":666,"column":9}},"line":609},"22":{"name":"authenticateDisclosureResponse","decl":{"start":{"line":669,"column":15},"end":{"line":669,"column":45}},"loc":{"start":{"line":669,"column":52},"end":{"line":671,"column":7}},"line":669},"23":{"name":"(anonymous_23)","decl":{"start":{"line":696,"column":11},"end":{"line":696,"column":12}},"loc":{"start":{"line":696,"column":23},"end":{"line":726,"column":5}},"line":696},"24":{"name":"_callee4","decl":{"start":{"line":697,"column":101},"end":{"line":697,"column":109}},"loc":{"start":{"line":697,"column":117},"end":{"line":719,"column":7}},"line":697},"25":{"name":"_callee4$","decl":{"start":{"line":700,"column":51},"end":{"line":700,"column":60}},"loc":{"start":{"line":700,"column":72},"end":{"line":718,"column":9}},"line":700},"26":{"name":"verifyDisclosure","decl":{"start":{"line":721,"column":15},"end":{"line":721,"column":31}},"loc":{"start":{"line":721,"column":38},"end":{"line":723,"column":7}},"line":721},"27":{"name":"contract","decl":{"start":{"line":739,"column":20},"end":{"line":739,"column":28}},"loc":{"start":{"line":739,"column":34},"end":{"line":748,"column":5}},"line":739},"28":{"name":"txObjHandler","decl":{"start":{"line":742,"column":34},"end":{"line":742,"column":46}},"loc":{"start":{"line":742,"column":60},"end":{"line":746,"column":7}},"line":742},"29":{"name":"createIdentity","decl":{"start":{"line":751,"column":20},"end":{"line":751,"column":34}},"loc":{"start":{"line":751,"column":37},"end":{"line":758,"column":5}},"line":751},"30":{"name":"configNetworks","decl":{"start":{"line":763,"column":30},"end":{"line":763,"column":44}},"loc":{"start":{"line":763,"column":51},"end":{"line":775,"column":1}},"line":763},"31":{"name":"(anonymous_31)","decl":{"start":{"line":764,"column":36},"end":{"line":764,"column":37}},"loc":{"start":{"line":764,"column":51},"end":{"line":773,"column":3}},"line":764},"32":{"name":"(anonymous_32)","decl":{"start":{"line":767,"column":38},"end":{"line":767,"column":39}},"loc":{"start":{"line":767,"column":53},"end":{"line":769,"column":7}},"line":767}},"branchMap":{"0":{"loc":{"start":{"line":69,"column":46},"end":{"line":69,"column":92}},"type":"cond-expr","locations":[{"start":{"line":69,"column":70},"end":{"line":69,"column":73}},{"start":{"line":69,"column":76},"end":{"line":69,"column":92}}],"line":69},"1":{"loc":{"start":{"line":69,"column":46},"end":{"line":69,"column":67}},"type":"binary-expr","locations":[{"start":{"line":69,"column":46},"end":{"line":69,"column":49}},{"start":{"line":69,"column":53},"end":{"line":69,"column":67}}],"line":69},"2":{"loc":{"start":{"line":150,"column":15},"end":{"line":150,"column":85}},"type":"cond-expr","locations":[{"start":{"line":150,"column":68},"end":{"line":150,"column":80}},{"start":{"line":150,"column":83},"end":{"line":150,"column":85}}],"line":150},"3":{"loc":{"start":{"line":150,"column":15},"end":{"line":150,"column":65}},"type":"binary-expr","locations":[{"start":{"line":150,"column":15},"end":{"line":150,"column":35}},{"start":{"line":150,"column":39},"end":{"line":150,"column":65}}],"line":150},"4":{"loc":{"start":{"line":162,"column":4},"end":{"line":166,"column":5}},"type":"if","locations":[{"start":{"line":162,"column":4},"end":{"line":166,"column":5}},{"start":{"line":162,"column":4},"end":{"line":166,"column":5}}],"line":162},"5":{"loc":{"start":{"line":164,"column":11},"end":{"line":166,"column":5}},"type":"if","locations":[{"start":{"line":164,"column":11},"end":{"line":166,"column":5}},{"start":{"line":164,"column":11},"end":{"line":166,"column":5}}],"line":164},"6":{"loc":{"start":{"line":168,"column":4},"end":{"line":181,"column":5}},"type":"if","locations":[{"start":{"line":168,"column":4},"end":{"line":181,"column":5}},{"start":{"line":168,"column":4},"end":{"line":181,"column":5}}],"line":168},"7":{"loc":{"start":{"line":170,"column":11},"end":{"line":181,"column":5}},"type":"if","locations":[{"start":{"line":170,"column":11},"end":{"line":181,"column":5}},{"start":{"line":170,"column":11},"end":{"line":181,"column":5}}],"line":170},"8":{"loc":{"start":{"line":171,"column":6},"end":{"line":173,"column":7}},"type":"if","locations":[{"start":{"line":171,"column":6},"end":{"line":173,"column":7}},{"start":{"line":171,"column":6},"end":{"line":173,"column":7}}],"line":171},"9":{"loc":{"start":{"line":174,"column":6},"end":{"line":176,"column":7}},"type":"if","locations":[{"start":{"line":174,"column":6},"end":{"line":176,"column":7}},{"start":{"line":174,"column":6},"end":{"line":176,"column":7}}],"line":174},"10":{"loc":{"start":{"line":177,"column":11},"end":{"line":181,"column":5}},"type":"if","locations":[{"start":{"line":177,"column":11},"end":{"line":181,"column":5}},{"start":{"line":177,"column":11},"end":{"line":181,"column":5}}],"line":177},"11":{"loc":{"start":{"line":187,"column":13},"end":{"line":187,"column":99}},"type":"cond-expr","locations":[{"start":{"line":187,"column":78},"end":{"line":187,"column":86}},{"start":{"line":187,"column":89},"end":{"line":187,"column":99}}],"line":187},"12":{"loc":{"start":{"line":187,"column":13},"end":{"line":187,"column":75}},"type":"binary-expr","locations":[{"start":{"line":187,"column":13},"end":{"line":187,"column":43}},{"start":{"line":187,"column":47},"end":{"line":187,"column":75}}],"line":187},"13":{"loc":{"start":{"line":192,"column":36},"end":{"line":192,"column":128}},"type":"binary-expr","locations":[{"start":{"line":192,"column":36},"end":{"line":192,"column":44}},{"start":{"line":192,"column":48},"end":{"line":192,"column":128}}],"line":192},"14":{"loc":{"start":{"line":192,"column":85},"end":{"line":192,"column":125}},"type":"cond-expr","locations":[{"start":{"line":192,"column":96},"end":{"line":192,"column":120}},{"start":{"line":192,"column":123},"end":{"line":192,"column":125}}],"line":192},"15":{"loc":{"start":{"line":193,"column":35},"end":{"line":193,"column":51}},"type":"binary-expr","locations":[{"start":{"line":193,"column":35},"end":{"line":193,"column":45}},{"start":{"line":193,"column":49},"end":{"line":193,"column":51}}],"line":193},"16":{"loc":{"start":{"line":194,"column":37},"end":{"line":194,"column":55}},"type":"binary-expr","locations":[{"start":{"line":194,"column":37},"end":{"line":194,"column":49}},{"start":{"line":194,"column":53},"end":{"line":194,"column":55}}],"line":194},"17":{"loc":{"start":{"line":238,"column":19},"end":{"line":238,"column":89}},"type":"cond-expr","locations":[{"start":{"line":238,"column":72},"end":{"line":238,"column":84}},{"start":{"line":238,"column":87},"end":{"line":238,"column":89}}],"line":238},"18":{"loc":{"start":{"line":238,"column":19},"end":{"line":238,"column":69}},"type":"binary-expr","locations":[{"start":{"line":238,"column":19},"end":{"line":238,"column":39}},{"start":{"line":238,"column":43},"end":{"line":238,"column":69}}],"line":238},"19":{"loc":{"start":{"line":239,"column":22},"end":{"line":239,"column":93}},"type":"cond-expr","locations":[{"start":{"line":239,"column":75},"end":{"line":239,"column":87}},{"start":{"line":239,"column":90},"end":{"line":239,"column":93}}],"line":239},"20":{"loc":{"start":{"line":239,"column":22},"end":{"line":239,"column":72}},"type":"binary-expr","locations":[{"start":{"line":239,"column":22},"end":{"line":239,"column":42}},{"start":{"line":239,"column":46},"end":{"line":239,"column":72}}],"line":239},"21":{"loc":{"start":{"line":242,"column":6},"end":{"line":242,"column":65}},"type":"if","locations":[{"start":{"line":242,"column":6},"end":{"line":242,"column":65}},{"start":{"line":242,"column":6},"end":{"line":242,"column":65}}],"line":242},"22":{"loc":{"start":{"line":243,"column":6},"end":{"line":243,"column":62}},"type":"if","locations":[{"start":{"line":243,"column":6},"end":{"line":243,"column":62}},{"start":{"line":243,"column":6},"end":{"line":243,"column":62}}],"line":243},"23":{"loc":{"start":{"line":244,"column":6},"end":{"line":244,"column":72}},"type":"if","locations":[{"start":{"line":244,"column":6},"end":{"line":244,"column":72}},{"start":{"line":244,"column":6},"end":{"line":244,"column":72}}],"line":244},"24":{"loc":{"start":{"line":245,"column":6},"end":{"line":245,"column":68}},"type":"if","locations":[{"start":{"line":245,"column":6},"end":{"line":245,"column":68}},{"start":{"line":245,"column":6},"end":{"line":245,"column":68}}],"line":245},"25":{"loc":{"start":{"line":246,"column":6},"end":{"line":246,"column":61}},"type":"if","locations":[{"start":{"line":246,"column":6},"end":{"line":246,"column":61}},{"start":{"line":246,"column":6},"end":{"line":246,"column":61}}],"line":246},"26":{"loc":{"start":{"line":247,"column":6},"end":{"line":247,"column":44}},"type":"if","locations":[{"start":{"line":247,"column":6},"end":{"line":247,"column":44}},{"start":{"line":247,"column":6},"end":{"line":247,"column":44}}],"line":247},"27":{"loc":{"start":{"line":248,"column":6},"end":{"line":248,"column":47}},"type":"if","locations":[{"start":{"line":248,"column":6},"end":{"line":248,"column":47}},{"start":{"line":248,"column":6},"end":{"line":248,"column":47}}],"line":248},"28":{"loc":{"start":{"line":250,"column":6},"end":{"line":256,"column":7}},"type":"if","locations":[{"start":{"line":250,"column":6},"end":{"line":256,"column":7}},{"start":{"line":250,"column":6},"end":{"line":256,"column":7}}],"line":250},"29":{"loc":{"start":{"line":251,"column":8},"end":{"line":255,"column":9}},"type":"if","locations":[{"start":{"line":251,"column":8},"end":{"line":255,"column":9}},{"start":{"line":251,"column":8},"end":{"line":255,"column":9}}],"line":251},"30":{"loc":{"start":{"line":258,"column":99},"end":{"line":258,"column":133}},"type":"cond-expr","locations":[{"start":{"line":258,"column":112},"end":{"line":258,"column":121}},{"start":{"line":258,"column":124},"end":{"line":258,"column":133}}],"line":258},"31":{"loc":{"start":{"line":324,"column":18},"end":{"line":324,"column":88}},"type":"cond-expr","locations":[{"start":{"line":324,"column":71},"end":{"line":324,"column":83}},{"start":{"line":324,"column":86},"end":{"line":324,"column":88}}],"line":324},"32":{"loc":{"start":{"line":324,"column":18},"end":{"line":324,"column":68}},"type":"binary-expr","locations":[{"start":{"line":324,"column":18},"end":{"line":324,"column":38}},{"start":{"line":324,"column":42},"end":{"line":324,"column":68}}],"line":324},"33":{"loc":{"start":{"line":392,"column":18},"end":{"line":392,"column":88}},"type":"cond-expr","locations":[{"start":{"line":392,"column":71},"end":{"line":392,"column":83}},{"start":{"line":392,"column":86},"end":{"line":392,"column":88}}],"line":392},"34":{"loc":{"start":{"line":392,"column":18},"end":{"line":392,"column":68}},"type":"binary-expr","locations":[{"start":{"line":392,"column":18},"end":{"line":392,"column":38}},{"start":{"line":392,"column":42},"end":{"line":392,"column":68}}],"line":392},"35":{"loc":{"start":{"line":433,"column":18},"end":{"line":433,"column":88}},"type":"cond-expr","locations":[{"start":{"line":433,"column":71},"end":{"line":433,"column":83}},{"start":{"line":433,"column":86},"end":{"line":433,"column":88}}],"line":433},"36":{"loc":{"start":{"line":433,"column":18},"end":{"line":433,"column":68}},"type":"binary-expr","locations":[{"start":{"line":433,"column":18},"end":{"line":433,"column":38}},{"start":{"line":433,"column":42},"end":{"line":433,"column":68}}],"line":433},"37":{"loc":{"start":{"line":436,"column":16},"end":{"line":436,"column":57}},"type":"cond-expr","locations":[{"start":{"line":436,"column":42},"end":{"line":436,"column":45}},{"start":{"line":436,"column":48},"end":{"line":436,"column":57}}],"line":436},"38":{"loc":{"start":{"line":441,"column":6},"end":{"line":441,"column":54}},"type":"if","locations":[{"start":{"line":441,"column":6},"end":{"line":441,"column":54}},{"start":{"line":441,"column":6},"end":{"line":441,"column":54}}],"line":441},"39":{"loc":{"start":{"line":442,"column":6},"end":{"line":442,"column":45}},"type":"if","locations":[{"start":{"line":442,"column":6},"end":{"line":442,"column":45}},{"start":{"line":442,"column":6},"end":{"line":442,"column":45}}],"line":442},"40":{"loc":{"start":{"line":443,"column":6},"end":{"line":443,"column":39}},"type":"if","locations":[{"start":{"line":443,"column":6},"end":{"line":443,"column":39}},{"start":{"line":443,"column":6},"end":{"line":443,"column":39}}],"line":443},"41":{"loc":{"start":{"line":472,"column":22},"end":{"line":472,"column":92}},"type":"cond-expr","locations":[{"start":{"line":472,"column":75},"end":{"line":472,"column":87}},{"start":{"line":472,"column":90},"end":{"line":472,"column":92}}],"line":472},"42":{"loc":{"start":{"line":472,"column":22},"end":{"line":472,"column":72}},"type":"binary-expr","locations":[{"start":{"line":472,"column":22},"end":{"line":472,"column":42}},{"start":{"line":472,"column":46},"end":{"line":472,"column":72}}],"line":472},"43":{"loc":{"start":{"line":473,"column":24},"end":{"line":473,"column":95}},"type":"cond-expr","locations":[{"start":{"line":473,"column":77},"end":{"line":473,"column":89}},{"start":{"line":473,"column":92},"end":{"line":473,"column":95}}],"line":473},"44":{"loc":{"start":{"line":473,"column":24},"end":{"line":473,"column":74}},"type":"binary-expr","locations":[{"start":{"line":473,"column":24},"end":{"line":473,"column":44}},{"start":{"line":473,"column":48},"end":{"line":473,"column":74}}],"line":473},"45":{"loc":{"start":{"line":477,"column":12},"end":{"line":500,"column":13}},"type":"switch","locations":[{"start":{"line":478,"column":14},"end":{"line":485,"column":59}},{"start":{"line":487,"column":14},"end":{"line":492,"column":17}},{"start":{"line":494,"column":14},"end":{"line":495,"column":148}},{"start":{"line":497,"column":14},"end":{"line":497,"column":21}},{"start":{"line":498,"column":14},"end":{"line":499,"column":39}}],"line":477},"46":{"loc":{"start":{"line":479,"column":16},"end":{"line":482,"column":17}},"type":"if","locations":[{"start":{"line":479,"column":16},"end":{"line":482,"column":17}},{"start":{"line":479,"column":16},"end":{"line":482,"column":17}}],"line":479},"47":{"loc":{"start":{"line":490,"column":16},"end":{"line":492,"column":17}},"type":"if","locations":[{"start":{"line":490,"column":16},"end":{"line":492,"column":17}},{"start":{"line":490,"column":16},"end":{"line":492,"column":17}}],"line":490},"48":{"loc":{"start":{"line":531,"column":12},"end":{"line":570,"column":13}},"type":"switch","locations":[{"start":{"line":532,"column":14},"end":{"line":554,"column":20}},{"start":{"line":556,"column":14},"end":{"line":562,"column":20}},{"start":{"line":564,"column":14},"end":{"line":565,"column":63}},{"start":{"line":567,"column":14},"end":{"line":567,"column":22}},{"start":{"line":568,"column":14},"end":{"line":569,"column":40}}],"line":531},"49":{"loc":{"start":{"line":533,"column":57},"end":{"line":533,"column":79}},"type":"binary-expr","locations":[{"start":{"line":533,"column":57},"end":{"line":533,"column":73}},{"start":{"line":533,"column":77},"end":{"line":533,"column":79}}],"line":533},"50":{"loc":{"start":{"line":533,"column":81},"end":{"line":533,"column":98}},"type":"binary-expr","locations":[{"start":{"line":533,"column":81},"end":{"line":533,"column":92}},{"start":{"line":533,"column":96},"end":{"line":533,"column":98}}],"line":533},"51":{"loc":{"start":{"line":533,"column":100},"end":{"line":533,"column":203}},"type":"cond-expr","locations":[{"start":{"line":533,"column":160},"end":{"line":533,"column":198}},{"start":{"line":533,"column":201},"end":{"line":533,"column":203}}],"line":533},"52":{"loc":{"start":{"line":533,"column":100},"end":{"line":533,"column":157}},"type":"binary-expr","locations":[{"start":{"line":533,"column":100},"end":{"line":533,"column":120}},{"start":{"line":533,"column":124},"end":{"line":533,"column":157}}],"line":533},"53":{"loc":{"start":{"line":538,"column":16},"end":{"line":541,"column":17}},"type":"if","locations":[{"start":{"line":538,"column":16},"end":{"line":541,"column":17}},{"start":{"line":538,"column":16},"end":{"line":541,"column":17}}],"line":538},"54":{"loc":{"start":{"line":542,"column":16},"end":{"line":544,"column":17}},"type":"if","locations":[{"start":{"line":542,"column":16},"end":{"line":544,"column":17}},{"start":{"line":542,"column":16},"end":{"line":544,"column":17}}],"line":542},"55":{"loc":{"start":{"line":546,"column":16},"end":{"line":549,"column":17}},"type":"if","locations":[{"start":{"line":546,"column":16},"end":{"line":549,"column":17}},{"start":{"line":546,"column":16},"end":{"line":549,"column":17}}],"line":546},"56":{"loc":{"start":{"line":605,"column":26},"end":{"line":605,"column":98}},"type":"cond-expr","locations":[{"start":{"line":605,"column":79},"end":{"line":605,"column":91}},{"start":{"line":605,"column":94},"end":{"line":605,"column":98}}],"line":605},"57":{"loc":{"start":{"line":605,"column":26},"end":{"line":605,"column":76}},"type":"binary-expr","locations":[{"start":{"line":605,"column":26},"end":{"line":605,"column":46}},{"start":{"line":605,"column":50},"end":{"line":605,"column":76}}],"line":605},"58":{"loc":{"start":{"line":611,"column":12},"end":{"line":664,"column":13}},"type":"switch","locations":[{"start":{"line":612,"column":14},"end":{"line":618,"column":19}},{"start":{"line":620,"column":14},"end":{"line":631,"column":59}},{"start":{"line":633,"column":14},"end":{"line":641,"column":131}},{"start":{"line":643,"column":14},"end":{"line":649,"column":93}},{"start":{"line":651,"column":14},"end":{"line":652,"column":113}},{"start":{"line":654,"column":14},"end":{"line":656,"column":22}},{"start":{"line":658,"column":14},"end":{"line":659,"column":74}},{"start":{"line":661,"column":14},"end":{"line":661,"column":22}},{"start":{"line":662,"column":14},"end":{"line":663,"column":40}}],"line":611},"59":{"loc":{"start":{"line":625,"column":16},"end":{"line":628,"column":17}},"type":"if","locations":[{"start":{"line":625,"column":16},"end":{"line":628,"column":17}},{"start":{"line":625,"column":16},"end":{"line":628,"column":17}}],"line":625},"60":{"loc":{"start":{"line":636,"column":16},"end":{"line":639,"column":17}},"type":"if","locations":[{"start":{"line":636,"column":16},"end":{"line":639,"column":17}},{"start":{"line":636,"column":16},"end":{"line":639,"column":17}}],"line":636},"61":{"loc":{"start":{"line":644,"column":16},"end":{"line":647,"column":17}},"type":"if","locations":[{"start":{"line":644,"column":16},"end":{"line":647,"column":17}},{"start":{"line":644,"column":16},"end":{"line":647,"column":17}}],"line":644},"62":{"loc":{"start":{"line":702,"column":12},"end":{"line":716,"column":13}},"type":"switch","locations":[{"start":{"line":703,"column":14},"end":{"line":705,"column":77}},{"start":{"line":707,"column":14},"end":{"line":711,"column":113}},{"start":{"line":713,"column":14},"end":{"line":713,"column":21}},{"start":{"line":714,"column":14},"end":{"line":715,"column":40}}],"line":702},"63":{"loc":{"start":{"line":743,"column":8},"end":{"line":743,"column":54}},"type":"if","locations":[{"start":{"line":743,"column":8},"end":{"line":743,"column":54}},{"start":{"line":743,"column":8},"end":{"line":743,"column":54}}],"line":743},"64":{"loc":{"start":{"line":766,"column":4},"end":{"line":772,"column":5}},"type":"if","locations":[{"start":{"line":766,"column":4},"end":{"line":772,"column":5}},{"start":{"line":766,"column":4},"end":{"line":772,"column":5}}],"line":766},"65":{"loc":{"start":{"line":766,"column":9},"end":{"line":766,"column":78}},"type":"cond-expr","locations":[{"start":{"line":766,"column":38},"end":{"line":766,"column":49}},{"start":{"line":766,"column":52},"end":{"line":766,"column":78}}],"line":766},"66":{"loc":{"start":{"line":768,"column":8},"end":{"line":768,"column":138}},"type":"if","locations":[{"start":{"line":768,"column":8},"end":{"line":768,"column":138}},{"start":{"line":768,"column":8},"end":{"line":768,"column":138}}],"line":768}},"s":{"0":1,"1":1,"2":1,"3":1,"4":1,"5":1,"6":1,"7":1,"8":1,"9":1,"10":1,"11":1,"12":1,"13":1,"14":1,"15":1,"16":1,"17":1,"18":1,"19":1,"20":1,"21":1,"22":1,"23":1,"24":1,"25":1,"26":1,"27":1,"28":1,"29":1,"30":1,"31":1,"32":13,"33":1,"34":1,"35":1,"36":16,"37":16,"38":16,"39":16,"40":16,"41":16,"42":16,"43":16,"44":16,"45":16,"46":16,"47":16,"48":1,"49":15,"50":7,"51":16,"52":5,"53":11,"54":3,"55":2,"56":3,"57":1,"58":8,"59":3,"60":3,"61":3,"62":16,"63":47,"64":16,"65":13,"66":13,"67":13,"68":1,"69":22,"70":22,"71":22,"72":22,"73":11,"74":22,"75":1,"76":22,"77":1,"78":22,"79":1,"80":22,"81":0,"82":22,"83":1,"84":22,"85":0,"86":22,"87":5,"88":4,"89":1,"90":21,"91":3,"92":3,"93":3,"94":3,"95":3,"96":1,"97":1,"98":1,"99":1,"100":1,"101":1,"102":1,"103":1,"104":1,"105":1,"106":1,"107":1,"108":4,"109":4,"110":4,"111":4,"112":4,"113":4,"114":4,"115":4,"116":1,"117":4,"118":1,"119":4,"120":0,"121":4,"122":1,"123":13,"124":13,"125":13,"126":32,"127":39,"128":13,"129":7,"130":7,"131":6,"132":6,"133":6,"134":6,"135":6,"136":13,"137":13,"138":13,"139":1,"140":1,"141":10,"142":10,"143":10,"144":10,"145":22,"146":30,"147":10,"148":10,"149":2,"150":2,"151":10,"152":0,"153":10,"154":8,"155":8,"156":2,"157":2,"158":2,"159":2,"160":2,"161":2,"162":8,"163":10,"164":10,"165":1,"166":1,"167":6,"168":6,"169":23,"170":34,"171":6,"172":6,"173":6,"174":6,"175":6,"176":6,"177":1,"178":1,"179":5,"180":5,"181":5,"182":5,"183":5,"184":5,"185":0,"186":5,"187":5,"188":5,"189":0,"190":5,"191":0,"192":0,"193":1,"194":6,"195":6,"196":1,"197":1,"198":5,"199":15,"200":15,"201":5,"202":5,"203":5,"204":5,"205":5,"206":5,"207":5,"208":5,"209":1,"210":1,"211":1,"212":4,"213":4,"214":4,"215":4,"216":1,"217":1,"218":1,"219":1,"220":1,"221":1,"222":1,"223":1,"224":1,"225":4,"226":4,"227":4,"228":3,"229":5,"230":2,"231":1,"232":1,"233":1},"f":{"0":13,"1":1,"2":16,"3":47,"4":22,"5":3,"6":1,"7":1,"8":4,"9":1,"10":13,"11":32,"12":13,"13":1,"14":10,"15":22,"16":2,"17":2,"18":10,"19":1,"20":6,"21":23,"22":6,"23":1,"24":5,"25":15,"26":5,"27":1,"28":4,"29":1,"30":4,"31":4,"32":5},"b":{"0":[9,4],"1":[13,13],"2":[16,0],"3":[16,16],"4":[1,15],"5":[7,8],"6":[5,11],"7":[3,8],"8":[2,1],"9":[1,2],"10":[3,5],"11":[3,44],"12":[47,45],"13":[16,16],"14":[4,12],"15":[13,13],"16":[13,13],"17":[21,1],"18":[22,21],"19":[0,22],"20":[22,0],"21":[11,11],"22":[1,21],"23":[1,21],"24":[1,21],"25":[0,22],"26":[1,21],"27":[0,22],"28":[5,17],"29":[4,1],"30":[0,21],"31":[1,0],"32":[1,1],"33":[1,0],"34":[1,1],"35":[1,3],"36":[4,4],"37":[4,0],"38":[1,3],"39":[1,3],"40":[0,4],"41":[12,1],"42":[13,12],"43":[0,13],"44":[13,0],"45":[13,6,13,0,13],"46":[7,6],"47":[6,0],"48":[10,2,8,0,10],"49":[10,0],"50":[10,6],"51":[2,8],"52":[10,2],"53":[2,8],"54":[0,10],"55":[8,2],"56":[0,6],"57":[6,0],"58":[6,6,5,5,5,0,1,0,6],"59":[1,5],"60":[5,0],"61":[5,0],"62":[5,5,0,5],"63":[4,0],"64":[3,1],"65":[0,4],"66":[2,3]},"_coverageSchema":"332fd63041d2c1bcb487cc26dd0d5f7d97098a6c","hash":"bd7ac69e5b9e5a7130cbeb3d28824b5e1a9d30c3"}
,"/Users/alexandermorris/Downloads/uport-credentials-develop/src/Contract.js": {"path":"/Users/alexandermorris/Downloads/uport-credentials-develop/src/Contract.js","statementMap":{"0":{"start":{"line":4,"column":28},"end":{"line":15,"column":1}},"1":{"start":{"line":5,"column":29},"end":{"line":5,"column":79}},"2":{"start":{"line":6,"column":2},"end":{"line":6,"column":45}},"3":{"start":{"line":6,"column":33},"end":{"line":6,"column":45}},"4":{"start":{"line":8,"column":2},"end":{"line":8,"column":50}},"5":{"start":{"line":8,"column":39},"end":{"line":8,"column":50}},"6":{"start":{"line":10,"column":2},"end":{"line":12,"column":3}},"7":{"start":{"line":11,"column":4},"end":{"line":11,"column":34}},"8":{"start":{"line":11,"column":23},"end":{"line":11,"column":34}},"9":{"start":{"line":14,"column":2},"end":{"line":14,"column":15}},"10":{"start":{"line":17,"column":34},"end":{"line":19,"column":1}},"11":{"start":{"line":18,"column":2},"end":{"line":18,"column":117}},"12":{"start":{"line":18,"column":39},"end":{"line":18,"column":114}},"13":{"start":{"line":21,"column":29},"end":{"line":45,"column":1}},"14":{"start":{"line":22,"column":19},"end":{"line":22,"column":42}},"15":{"start":{"line":24,"column":2},"end":{"line":43,"column":3}},"16":{"start":{"line":25,"column":18},"end":{"line":25,"column":40}},"17":{"start":{"line":26,"column":20},"end":{"line":26,"column":36}},"18":{"start":{"line":28,"column":4},"end":{"line":36,"column":5}},"19":{"start":{"line":29,"column":6},"end":{"line":29,"column":39}},"20":{"start":{"line":30,"column":11},"end":{"line":36,"column":5}},"21":{"start":{"line":33,"column":6},"end":{"line":33,"column":37}},"22":{"start":{"line":35,"column":6},"end":{"line":35,"column":37}},"23":{"start":{"line":38,"column":4},"end":{"line":38,"column":27}},"24":{"start":{"line":40,"column":4},"end":{"line":42,"column":5}},"25":{"start":{"line":41,"column":6},"end":{"line":41,"column":24}},"26":{"start":{"line":44,"column":2},"end":{"line":44,"column":26}},"27":{"start":{"line":47,"column":24},"end":{"line":96,"column":1}},"28":{"start":{"line":47,"column":36},"end":{"line":96,"column":1}},"29":{"start":{"line":48,"column":17},"end":{"line":48,"column":19}},"30":{"start":{"line":49,"column":2},"end":{"line":93,"column":4}},"31":{"start":{"line":52,"column":19},"end":{"line":52,"column":23}},"32":{"start":{"line":53,"column":6},"end":{"line":53,"column":35}},"33":{"start":{"line":54,"column":6},"end":{"line":54,"column":37}},"34":{"start":{"line":56,"column":6},"end":{"line":89,"column":9}},"35":{"start":{"line":57,"column":8},"end":{"line":88,"column":10}},"36":{"start":{"line":59,"column":10},"end":{"line":61,"column":11}},"37":{"start":{"line":60,"column":12},"end":{"line":60,"column":93}},"38":{"start":{"line":63,"column":10},"end":{"line":65,"column":11}},"39":{"start":{"line":64,"column":12},"end":{"line":64,"column":90}},"40":{"start":{"line":67,"column":33},"end":{"line":67,"column":35}},"41":{"start":{"line":68,"column":29},"end":{"line":68,"column":53}},"42":{"start":{"line":69,"column":24},"end":{"line":69,"column":50}},"43":{"start":{"line":71,"column":10},"end":{"line":87,"column":11}},"44":{"start":{"line":73,"column":12},"end":{"line":75,"column":13}},"45":{"start":{"line":74,"column":14},"end":{"line":74,"column":63}},"46":{"start":{"line":77,"column":35},"end":{"line":81,"column":13}},"47":{"start":{"line":83,"column":12},"end":{"line":83,"column":46}},"48":{"start":{"line":83,"column":25},"end":{"line":83,"column":46}},"49":{"start":{"line":85,"column":31},"end":{"line":85,"column":54}},"50":{"start":{"line":86,"column":12},"end":{"line":86,"column":56}},"51":{"start":{"line":92,"column":4},"end":{"line":92,"column":26}},"52":{"start":{"line":95,"column":2},"end":{"line":95,"column":16}}},"fnMap":{"0":{"name":"(anonymous_0)","decl":{"start":{"line":4,"column":28},"end":{"line":4,"column":29}},"loc":{"start":{"line":4,"column":39},"end":{"line":15,"column":1}},"line":4},"1":{"name":"(anonymous_1)","decl":{"start":{"line":17,"column":34},"end":{"line":17,"column":35}},"loc":{"start":{"line":17,"column":51},"end":{"line":19,"column":1}},"line":17},"2":{"name":"(anonymous_2)","decl":{"start":{"line":18,"column":28},"end":{"line":18,"column":29}},"loc":{"start":{"line":18,"column":39},"end":{"line":18,"column":114}},"line":18},"3":{"name":"(anonymous_3)","decl":{"start":{"line":21,"column":29},"end":{"line":21,"column":30}},"loc":{"start":{"line":21,"column":59},"end":{"line":45,"column":1}},"line":21},"4":{"name":"(anonymous_4)","decl":{"start":{"line":47,"column":24},"end":{"line":47,"column":25}},"loc":{"start":{"line":47,"column":36},"end":{"line":96,"column":1}},"line":47},"5":{"name":"(anonymous_5)","decl":{"start":{"line":47,"column":36},"end":{"line":47,"column":37}},"loc":{"start":{"line":47,"column":53},"end":{"line":96,"column":1}},"line":47},"6":{"name":"atContract","decl":{"start":{"line":49,"column":23},"end":{"line":49,"column":33}},"loc":{"start":{"line":49,"column":43},"end":{"line":93,"column":3}},"line":49},"7":{"name":"Contract","decl":{"start":{"line":51,"column":13},"end":{"line":51,"column":21}},"loc":{"start":{"line":51,"column":24},"end":{"line":90,"column":5}},"line":51},"8":{"name":"(anonymous_8)","decl":{"start":{"line":56,"column":53},"end":{"line":56,"column":54}},"loc":{"start":{"line":56,"column":71},"end":{"line":89,"column":7}},"line":56},"9":{"name":"contractMethod","decl":{"start":{"line":57,"column":43},"end":{"line":57,"column":57}},"loc":{"start":{"line":57,"column":60},"end":{"line":88,"column":9}},"line":57}},"branchMap":{"0":{"loc":{"start":{"line":6,"column":2},"end":{"line":6,"column":45}},"type":"if","locations":[{"start":{"line":6,"column":2},"end":{"line":6,"column":45}},{"start":{"line":6,"column":2},"end":{"line":6,"column":45}}],"line":6},"1":{"loc":{"start":{"line":8,"column":2},"end":{"line":8,"column":50}},"type":"if","locations":[{"start":{"line":8,"column":2},"end":{"line":8,"column":50}},{"start":{"line":8,"column":2},"end":{"line":8,"column":50}}],"line":8},"2":{"loc":{"start":{"line":11,"column":4},"end":{"line":11,"column":34}},"type":"if","locations":[{"start":{"line":11,"column":4},"end":{"line":11,"column":34}},{"start":{"line":11,"column":4},"end":{"line":11,"column":34}}],"line":11},"3":{"loc":{"start":{"line":18,"column":39},"end":{"line":18,"column":114}},"type":"binary-expr","locations":[{"start":{"line":18,"column":40},"end":{"line":18,"column":64}},{"start":{"line":18,"column":68},"end":{"line":18,"column":89}},{"start":{"line":18,"column":94},"end":{"line":18,"column":114}}],"line":18},"4":{"loc":{"start":{"line":28,"column":4},"end":{"line":36,"column":5}},"type":"if","locations":[{"start":{"line":28,"column":4},"end":{"line":36,"column":5}},{"start":{"line":28,"column":4},"end":{"line":36,"column":5}}],"line":28},"5":{"loc":{"start":{"line":30,"column":11},"end":{"line":36,"column":5}},"type":"if","locations":[{"start":{"line":30,"column":11},"end":{"line":36,"column":5}},{"start":{"line":30,"column":11},"end":{"line":36,"column":5}}],"line":30},"6":{"loc":{"start":{"line":30,"column":32},"end":{"line":30,"column":52}},"type":"binary-expr","locations":[{"start":{"line":30,"column":32},"end":{"line":30,"column":41}},{"start":{"line":30,"column":45},"end":{"line":30,"column":52}}],"line":30},"7":{"loc":{"start":{"line":40,"column":4},"end":{"line":42,"column":5}},"type":"if","locations":[{"start":{"line":40,"column":4},"end":{"line":42,"column":5}},{"start":{"line":40,"column":4},"end":{"line":42,"column":5}}],"line":40},"8":{"loc":{"start":{"line":53,"column":17},"end":{"line":53,"column":34}},"type":"binary-expr","locations":[{"start":{"line":53,"column":17},"end":{"line":53,"column":28}},{"start":{"line":53,"column":32},"end":{"line":53,"column":34}}],"line":53},"9":{"loc":{"start":{"line":54,"column":21},"end":{"line":54,"column":36}},"type":"binary-expr","locations":[{"start":{"line":54,"column":21},"end":{"line":54,"column":28}},{"start":{"line":54,"column":32},"end":{"line":54,"column":36}}],"line":54},"10":{"loc":{"start":{"line":59,"column":10},"end":{"line":61,"column":11}},"type":"if","locations":[{"start":{"line":59,"column":10},"end":{"line":61,"column":11}},{"start":{"line":59,"column":10},"end":{"line":61,"column":11}}],"line":59},"11":{"loc":{"start":{"line":63,"column":10},"end":{"line":65,"column":11}},"type":"if","locations":[{"start":{"line":63,"column":10},"end":{"line":65,"column":11}},{"start":{"line":63,"column":10},"end":{"line":65,"column":11}}],"line":63},"12":{"loc":{"start":{"line":71,"column":10},"end":{"line":87,"column":11}},"type":"if","locations":[{"start":{"line":71,"column":10},"end":{"line":87,"column":11}},{"start":{"line":71,"column":10},"end":{"line":87,"column":11}}],"line":71},"13":{"loc":{"start":{"line":73,"column":12},"end":{"line":75,"column":13}},"type":"if","locations":[{"start":{"line":73,"column":12},"end":{"line":75,"column":13}},{"start":{"line":73,"column":12},"end":{"line":75,"column":13}}],"line":73},"14":{"loc":{"start":{"line":83,"column":12},"end":{"line":83,"column":46}},"type":"if","locations":[{"start":{"line":83,"column":12},"end":{"line":83,"column":46}},{"start":{"line":83,"column":12},"end":{"line":83,"column":46}}],"line":83}},"s":{"0":2,"1":8,"2":8,"3":6,"4":2,"5":0,"6":2,"7":12,"8":1,"9":1,"10":2,"11":6,"12":77,"13":2,"14":8,"15":8,"16":12,"17":12,"18":12,"19":4,"20":8,"21":0,"22":8,"23":12,"24":12,"25":4,"26":8,"27":2,"28":6,"29":7,"30":7,"31":6,"32":6,"33":6,"34":6,"35":67,"36":10,"37":1,"38":9,"39":1,"40":8,"41":8,"42":8,"43":8,"44":8,"45":1,"46":8,"47":8,"48":1,"49":7,"50":7,"51":6,"52":7},"f":{"0":8,"1":6,"2":77,"3":8,"4":6,"5":7,"6":6,"7":6,"8":67,"9":10},"b":{"0":[6,2],"1":[0,2],"2":[1,11],"3":[77,20,67],"4":[4,8],"5":[0,8],"6":[8,0],"7":[4,8],"8":[6,0],"9":[6,0],"10":[1,9],"11":[1,8],"12":[8,0],"13":[1,7],"14":[1,7]},"_coverageSchema":"332fd63041d2c1bcb487cc26dd0d5f7d97098a6c","hash":"3534725147684caa93be381d4c925508f83a9c6a"}
,"/Users/alexandermorris/Downloads/uport-credentials-develop/src/Credentials.js": {"path":"/Users/alexandermorris/Downloads/uport-credentials-develop/src/Credentials.js","statementMap":{"0":{"start":{"line":14,"column":18},"end":{"line":14,"column":37}},"1":{"start":{"line":16,"column":14},"end":{"line":22,"column":1}},"2":{"start":{"line":91,"column":4},"end":{"line":95,"column":5}},"3":{"start":{"line":92,"column":6},"end":{"line":92,"column":26}},"4":{"start":{"line":93,"column":11},"end":{"line":95,"column":5}},"5":{"start":{"line":94,"column":6},"end":{"line":94,"column":44}},"6":{"start":{"line":97,"column":4},"end":{"line":110,"column":5}},"7":{"start":{"line":98,"column":6},"end":{"line":98,"column":20}},"8":{"start":{"line":99,"column":11},"end":{"line":110,"column":5}},"9":{"start":{"line":100,"column":6},"end":{"line":102,"column":7}},"10":{"start":{"line":101,"column":8},"end":{"line":101,"column":41}},"11":{"start":{"line":103,"column":6},"end":{"line":105,"column":7}},"12":{"start":{"line":104,"column":8},"end":{"line":104,"column":40}},"13":{"start":{"line":106,"column":11},"end":{"line":110,"column":5}},"14":{"start":{"line":107,"column":17},"end":{"line":107,"column":53}},"15":{"start":{"line":108,"column":22},"end":{"line":108,"column":60}},"16":{"start":{"line":109,"column":6},"end":{"line":109,"column":38}},"17":{"start":{"line":112,"column":4},"end":{"line":118,"column":8}},"18":{"start":{"line":113,"column":6},"end":{"line":118,"column":8}},"19":{"start":{"line":120,"column":4},"end":{"line":120,"column":99}},"20":{"start":{"line":121,"column":4},"end":{"line":121,"column":37}},"21":{"start":{"line":122,"column":4},"end":{"line":122,"column":41}},"22":{"start":{"line":123,"column":4},"end":{"line":123,"column":22}},"23":{"start":{"line":138,"column":15},"end":{"line":138,"column":37}},"24":{"start":{"line":139,"column":22},"end":{"line":139,"column":41}},"25":{"start":{"line":140,"column":23},"end":{"line":140,"column":43}},"26":{"start":{"line":141,"column":20},"end":{"line":141,"column":48}},"27":{"start":{"line":142,"column":16},"end":{"line":142,"column":37}},"28":{"start":{"line":143,"column":4},"end":{"line":143,"column":30}},"29":{"start":{"line":169,"column":20},"end":{"line":169,"column":22}},"30":{"start":{"line":170,"column":4},"end":{"line":170,"column":62}},"31":{"start":{"line":170,"column":26},"end":{"line":170,"column":62}},"32":{"start":{"line":171,"column":4},"end":{"line":171,"column":59}},"33":{"start":{"line":171,"column":25},"end":{"line":171,"column":59}},"34":{"start":{"line":172,"column":4},"end":{"line":172,"column":69}},"35":{"start":{"line":172,"column":30},"end":{"line":172,"column":69}},"36":{"start":{"line":173,"column":4},"end":{"line":173,"column":65}},"37":{"start":{"line":173,"column":28},"end":{"line":173,"column":65}},"38":{"start":{"line":174,"column":4},"end":{"line":174,"column":58}},"39":{"start":{"line":174,"column":27},"end":{"line":174,"column":58}},"40":{"start":{"line":175,"column":4},"end":{"line":175,"column":41}},"41":{"start":{"line":175,"column":19},"end":{"line":175,"column":41}},"42":{"start":{"line":176,"column":4},"end":{"line":176,"column":44}},"43":{"start":{"line":176,"column":20},"end":{"line":176,"column":44}},"44":{"start":{"line":178,"column":4},"end":{"line":184,"column":5}},"45":{"start":{"line":179,"column":6},"end":{"line":183,"column":7}},"46":{"start":{"line":180,"column":8},"end":{"line":180,"column":40}},"47":{"start":{"line":182,"column":8},"end":{"line":182,"column":89}},"48":{"start":{"line":186,"column":4},"end":{"line":186,"column":107}},"49":{"start":{"line":208,"column":4},"end":{"line":208,"column":48}},"50":{"start":{"line":241,"column":4},"end":{"line":249,"column":6}},"51":{"start":{"line":300,"column":4},"end":{"line":306,"column":6}},"52":{"start":{"line":332,"column":20},"end":{"line":332,"column":22}},"53":{"start":{"line":333,"column":4},"end":{"line":333,"column":51}},"54":{"start":{"line":333,"column":21},"end":{"line":333,"column":51}},"55":{"start":{"line":334,"column":4},"end":{"line":334,"column":42}},"56":{"start":{"line":334,"column":19},"end":{"line":334,"column":42}},"57":{"start":{"line":335,"column":4},"end":{"line":335,"column":36}},"58":{"start":{"line":335,"column":15},"end":{"line":335,"column":36}},"59":{"start":{"line":336,"column":4},"end":{"line":336,"column":82}},"60":{"start":{"line":360,"column":4},"end":{"line":365,"column":5}},"61":{"start":{"line":361,"column":23},"end":{"line":361,"column":51}},"62":{"start":{"line":362,"column":6},"end":{"line":364,"column":7}},"63":{"start":{"line":363,"column":8},"end":{"line":363,"column":37}},"64":{"start":{"line":366,"column":4},"end":{"line":366,"column":83}},"65":{"start":{"line":377,"column":24},"end":{"line":383,"column":5}},"66":{"start":{"line":384,"column":4},"end":{"line":387,"column":5}},"67":{"start":{"line":385,"column":6},"end":{"line":385,"column":36}},"68":{"start":{"line":386,"column":6},"end":{"line":386,"column":59}},"69":{"start":{"line":388,"column":4},"end":{"line":390,"column":5}},"70":{"start":{"line":389,"column":6},"end":{"line":389,"column":41}},"71":{"start":{"line":391,"column":4},"end":{"line":399,"column":5}},"72":{"start":{"line":392,"column":23},"end":{"line":392,"column":113}},"73":{"start":{"line":392,"column":71},"end":{"line":392,"column":111}},"74":{"start":{"line":393,"column":6},"end":{"line":396,"column":7}},"75":{"start":{"line":395,"column":37},"end":{"line":395,"column":65}},"76":{"start":{"line":398,"column":6},"end":{"line":398,"column":24}},"77":{"start":{"line":421,"column":29},"end":{"line":425,"column":6}},"78":{"start":{"line":427,"column":4},"end":{"line":438,"column":5}},"79":{"start":{"line":428,"column":24},"end":{"line":428,"column":52}},"80":{"start":{"line":429,"column":6},"end":{"line":435,"column":7}},"81":{"start":{"line":430,"column":8},"end":{"line":430,"column":117}},"82":{"start":{"line":431,"column":13},"end":{"line":435,"column":7}},"83":{"start":{"line":432,"column":8},"end":{"line":432,"column":84}},"84":{"start":{"line":434,"column":8},"end":{"line":434,"column":62}},"85":{"start":{"line":437,"column":6},"end":{"line":437,"column":63}},"86":{"start":{"line":459,"column":29},"end":{"line":459,"column":75}},"87":{"start":{"line":460,"column":4},"end":{"line":460,"column":58}},"88":{"start":{"line":472,"column":25},"end":{"line":476,"column":5}},"89":{"start":{"line":473,"column":6},"end":{"line":473,"column":51}},"90":{"start":{"line":473,"column":26},"end":{"line":473,"column":51}},"91":{"start":{"line":474,"column":6},"end":{"line":474,"column":30}},"92":{"start":{"line":475,"column":6},"end":{"line":475,"column":46}},"93":{"start":{"line":477,"column":4},"end":{"line":477,"column":56}},"94":{"start":{"line":481,"column":23},"end":{"line":494,"column":1}},"95":{"start":{"line":482,"column":2},"end":{"line":492,"column":4}},"96":{"start":{"line":483,"column":16},"end":{"line":483,"column":25}},"97":{"start":{"line":484,"column":4},"end":{"line":491,"column":5}},"98":{"start":{"line":485,"column":7},"end":{"line":488,"column":8}},"99":{"start":{"line":486,"column":8},"end":{"line":487,"column":102}},"100":{"start":{"line":487,"column":10},"end":{"line":487,"column":102}},"101":{"start":{"line":490,"column":6},"end":{"line":490,"column":62}},"102":{"start":{"line":493,"column":2},"end":{"line":493,"column":13}}},"fnMap":{"0":{"name":"(anonymous_0)","decl":{"start":{"line":90,"column":2},"end":{"line":90,"column":3}},"loc":{"start":{"line":90,"column":103},"end":{"line":124,"column":3}},"line":90},"1":{"name":"(anonymous_1)","decl":{"start":{"line":112,"column":19},"end":{"line":112,"column":20}},"loc":{"start":{"line":113,"column":6},"end":{"line":118,"column":8}},"line":113},"2":{"name":"(anonymous_2)","decl":{"start":{"line":137,"column":2},"end":{"line":137,"column":3}},"loc":{"start":{"line":137,"column":26},"end":{"line":144,"column":3}},"line":137},"3":{"name":"(anonymous_3)","decl":{"start":{"line":168,"column":2},"end":{"line":168,"column":3}},"loc":{"start":{"line":168,"column":56},"end":{"line":187,"column":3}},"line":168},"4":{"name":"(anonymous_4)","decl":{"start":{"line":207,"column":2},"end":{"line":207,"column":3}},"loc":{"start":{"line":207,"column":46},"end":{"line":209,"column":3}},"line":207},"5":{"name":"(anonymous_5)","decl":{"start":{"line":240,"column":2},"end":{"line":240,"column":3}},"loc":{"start":{"line":240,"column":94},"end":{"line":250,"column":3}},"line":240},"6":{"name":"(anonymous_6)","decl":{"start":{"line":298,"column":2},"end":{"line":298,"column":3}},"loc":{"start":{"line":298,"column":77},"end":{"line":307,"column":3}},"line":298},"7":{"name":"(anonymous_7)","decl":{"start":{"line":331,"column":2},"end":{"line":331,"column":3}},"loc":{"start":{"line":331,"column":76},"end":{"line":337,"column":3}},"line":331},"8":{"name":"(anonymous_8)","decl":{"start":{"line":359,"column":2},"end":{"line":359,"column":3}},"loc":{"start":{"line":359,"column":64},"end":{"line":367,"column":3}},"line":359},"9":{"name":"(anonymous_9)","decl":{"start":{"line":376,"column":2},"end":{"line":376,"column":3}},"loc":{"start":{"line":376,"column":51},"end":{"line":400,"column":3}},"line":376},"10":{"name":"(anonymous_10)","decl":{"start":{"line":392,"column":62},"end":{"line":392,"column":63}},"loc":{"start":{"line":392,"column":71},"end":{"line":392,"column":111}},"line":392},"11":{"name":"(anonymous_11)","decl":{"start":{"line":395,"column":31},"end":{"line":395,"column":32}},"loc":{"start":{"line":395,"column":37},"end":{"line":395,"column":65}},"line":395},"12":{"name":"(anonymous_12)","decl":{"start":{"line":420,"column":2},"end":{"line":420,"column":3}},"loc":{"start":{"line":420,"column":66},"end":{"line":439,"column":3}},"line":420},"13":{"name":"(anonymous_13)","decl":{"start":{"line":458,"column":2},"end":{"line":458,"column":3}},"loc":{"start":{"line":458,"column":32},"end":{"line":461,"column":3}},"line":458},"14":{"name":"(anonymous_14)","decl":{"start":{"line":471,"column":2},"end":{"line":471,"column":3}},"loc":{"start":{"line":471,"column":16},"end":{"line":478,"column":3}},"line":471},"15":{"name":"(anonymous_15)","decl":{"start":{"line":472,"column":25},"end":{"line":472,"column":26}},"loc":{"start":{"line":472,"column":42},"end":{"line":476,"column":5}},"line":472},"16":{"name":"(anonymous_16)","decl":{"start":{"line":481,"column":23},"end":{"line":481,"column":24}},"loc":{"start":{"line":481,"column":31},"end":{"line":494,"column":1}},"line":481},"17":{"name":"(anonymous_17)","decl":{"start":{"line":482,"column":28},"end":{"line":482,"column":29}},"loc":{"start":{"line":482,"column":35},"end":{"line":492,"column":3}},"line":482},"18":{"name":"(anonymous_18)","decl":{"start":{"line":485,"column":38},"end":{"line":485,"column":39}},"loc":{"start":{"line":485,"column":45},"end":{"line":488,"column":7}},"line":485}},"branchMap":{"0":{"loc":{"start":{"line":90,"column":14},"end":{"line":90,"column":101}},"type":"default-arg","locations":[{"start":{"line":90,"column":99},"end":{"line":90,"column":101}}],"line":90},"1":{"loc":{"start":{"line":91,"column":4},"end":{"line":95,"column":5}},"type":"if","locations":[{"start":{"line":91,"column":4},"end":{"line":95,"column":5}},{"start":{"line":91,"column":4},"end":{"line":95,"column":5}}],"line":91},"2":{"loc":{"start":{"line":93,"column":11},"end":{"line":95,"column":5}},"type":"if","locations":[{"start":{"line":93,"column":11},"end":{"line":95,"column":5}},{"start":{"line":93,"column":11},"end":{"line":95,"column":5}}],"line":93},"3":{"loc":{"start":{"line":97,"column":4},"end":{"line":110,"column":5}},"type":"if","locations":[{"start":{"line":97,"column":4},"end":{"line":110,"column":5}},{"start":{"line":97,"column":4},"end":{"line":110,"column":5}}],"line":97},"4":{"loc":{"start":{"line":99,"column":11},"end":{"line":110,"column":5}},"type":"if","locations":[{"start":{"line":99,"column":11},"end":{"line":110,"column":5}},{"start":{"line":99,"column":11},"end":{"line":110,"column":5}}],"line":99},"5":{"loc":{"start":{"line":100,"column":6},"end":{"line":102,"column":7}},"type":"if","locations":[{"start":{"line":100,"column":6},"end":{"line":102,"column":7}},{"start":{"line":100,"column":6},"end":{"line":102,"column":7}}],"line":100},"6":{"loc":{"start":{"line":103,"column":6},"end":{"line":105,"column":7}},"type":"if","locations":[{"start":{"line":103,"column":6},"end":{"line":105,"column":7}},{"start":{"line":103,"column":6},"end":{"line":105,"column":7}}],"line":103},"7":{"loc":{"start":{"line":106,"column":11},"end":{"line":110,"column":5}},"type":"if","locations":[{"start":{"line":106,"column":11},"end":{"line":110,"column":5}},{"start":{"line":106,"column":11},"end":{"line":110,"column":5}}],"line":106},"8":{"loc":{"start":{"line":116,"column":13},"end":{"line":116,"column":86}},"type":"cond-expr","locations":[{"start":{"line":116,"column":65},"end":{"line":116,"column":73}},{"start":{"line":116,"column":76},"end":{"line":116,"column":86}}],"line":116},"9":{"loc":{"start":{"line":116,"column":13},"end":{"line":116,"column":62}},"type":"binary-expr","locations":[{"start":{"line":116,"column":13},"end":{"line":116,"column":42}},{"start":{"line":116,"column":46},"end":{"line":116,"column":62}}],"line":116},"10":{"loc":{"start":{"line":120,"column":21},"end":{"line":120,"column":98}},"type":"binary-expr","locations":[{"start":{"line":120,"column":21},"end":{"line":120,"column":29}},{"start":{"line":120,"column":33},"end":{"line":120,"column":98}}],"line":120},"11":{"loc":{"start":{"line":120,"column":55},"end":{"line":120,"column":95}},"type":"cond-expr","locations":[{"start":{"line":120,"column":66},"end":{"line":120,"column":90}},{"start":{"line":120,"column":93},"end":{"line":120,"column":95}}],"line":120},"12":{"loc":{"start":{"line":121,"column":20},"end":{"line":121,"column":36}},"type":"binary-expr","locations":[{"start":{"line":121,"column":20},"end":{"line":121,"column":30}},{"start":{"line":121,"column":34},"end":{"line":121,"column":36}}],"line":121},"13":{"loc":{"start":{"line":122,"column":22},"end":{"line":122,"column":40}},"type":"binary-expr","locations":[{"start":{"line":122,"column":22},"end":{"line":122,"column":34}},{"start":{"line":122,"column":38},"end":{"line":122,"column":40}}],"line":122},"14":{"loc":{"start":{"line":168,"column":26},"end":{"line":168,"column":37}},"type":"default-arg","locations":[{"start":{"line":168,"column":35},"end":{"line":168,"column":37}}],"line":168},"15":{"loc":{"start":{"line":168,"column":39},"end":{"line":168,"column":54}},"type":"default-arg","locations":[{"start":{"line":168,"column":51},"end":{"line":168,"column":54}}],"line":168},"16":{"loc":{"start":{"line":170,"column":4},"end":{"line":170,"column":62}},"type":"if","locations":[{"start":{"line":170,"column":4},"end":{"line":170,"column":62}},{"start":{"line":170,"column":4},"end":{"line":170,"column":62}}],"line":170},"17":{"loc":{"start":{"line":171,"column":4},"end":{"line":171,"column":59}},"type":"if","locations":[{"start":{"line":171,"column":4},"end":{"line":171,"column":59}},{"start":{"line":171,"column":4},"end":{"line":171,"column":59}}],"line":171},"18":{"loc":{"start":{"line":172,"column":4},"end":{"line":172,"column":69}},"type":"if","locations":[{"start":{"line":172,"column":4},"end":{"line":172,"column":69}},{"start":{"line":172,"column":4},"end":{"line":172,"column":69}}],"line":172},"19":{"loc":{"start":{"line":173,"column":4},"end":{"line":173,"column":65}},"type":"if","locations":[{"start":{"line":173,"column":4},"end":{"line":173,"column":65}},{"start":{"line":173,"column":4},"end":{"line":173,"column":65}}],"line":173},"20":{"loc":{"start":{"line":174,"column":4},"end":{"line":174,"column":58}},"type":"if","locations":[{"start":{"line":174,"column":4},"end":{"line":174,"column":58}},{"start":{"line":174,"column":4},"end":{"line":174,"column":58}}],"line":174},"21":{"loc":{"start":{"line":175,"column":4},"end":{"line":175,"column":41}},"type":"if","locations":[{"start":{"line":175,"column":4},"end":{"line":175,"column":41}},{"start":{"line":175,"column":4},"end":{"line":175,"column":41}}],"line":175},"22":{"loc":{"start":{"line":176,"column":4},"end":{"line":176,"column":44}},"type":"if","locations":[{"start":{"line":176,"column":4},"end":{"line":176,"column":44}},{"start":{"line":176,"column":4},"end":{"line":176,"column":44}}],"line":176},"23":{"loc":{"start":{"line":178,"column":4},"end":{"line":184,"column":5}},"type":"if","locations":[{"start":{"line":178,"column":4},"end":{"line":184,"column":5}},{"start":{"line":178,"column":4},"end":{"line":184,"column":5}}],"line":178},"24":{"loc":{"start":{"line":179,"column":6},"end":{"line":183,"column":7}},"type":"if","locations":[{"start":{"line":179,"column":6},"end":{"line":183,"column":7}},{"start":{"line":179,"column":6},"end":{"line":183,"column":7}}],"line":179},"25":{"loc":{"start":{"line":186,"column":72},"end":{"line":186,"column":106}},"type":"cond-expr","locations":[{"start":{"line":186,"column":85},"end":{"line":186,"column":94}},{"start":{"line":186,"column":97},"end":{"line":186,"column":106}}],"line":186},"26":{"loc":{"start":{"line":240,"column":52},"end":{"line":240,"column":92}},"type":"default-arg","locations":[{"start":{"line":240,"column":90},"end":{"line":240,"column":92}}],"line":240},"27":{"loc":{"start":{"line":298,"column":45},"end":{"line":298,"column":75}},"type":"default-arg","locations":[{"start":{"line":298,"column":73},"end":{"line":298,"column":75}}],"line":298},"28":{"loc":{"start":{"line":331,"column":25},"end":{"line":331,"column":74}},"type":"default-arg","locations":[{"start":{"line":331,"column":72},"end":{"line":331,"column":74}}],"line":331},"29":{"loc":{"start":{"line":331,"column":40},"end":{"line":331,"column":49}},"type":"default-arg","locations":[{"start":{"line":331,"column":46},"end":{"line":331,"column":49}}],"line":331},"30":{"loc":{"start":{"line":333,"column":4},"end":{"line":333,"column":51}},"type":"if","locations":[{"start":{"line":333,"column":4},"end":{"line":333,"column":51}},{"start":{"line":333,"column":4},"end":{"line":333,"column":51}}],"line":333},"31":{"loc":{"start":{"line":334,"column":4},"end":{"line":334,"column":42}},"type":"if","locations":[{"start":{"line":334,"column":4},"end":{"line":334,"column":42}},{"start":{"line":334,"column":4},"end":{"line":334,"column":42}}],"line":334},"32":{"loc":{"start":{"line":335,"column":4},"end":{"line":335,"column":36}},"type":"if","locations":[{"start":{"line":335,"column":4},"end":{"line":335,"column":36}},{"start":{"line":335,"column":4},"end":{"line":335,"column":36}}],"line":335},"33":{"loc":{"start":{"line":359,"column":33},"end":{"line":359,"column":45}},"type":"default-arg","locations":[{"start":{"line":359,"column":43},"end":{"line":359,"column":45}}],"line":359},"34":{"loc":{"start":{"line":359,"column":47},"end":{"line":359,"column":62}},"type":"default-arg","locations":[{"start":{"line":359,"column":59},"end":{"line":359,"column":62}}],"line":359},"35":{"loc":{"start":{"line":360,"column":4},"end":{"line":365,"column":5}},"type":"if","locations":[{"start":{"line":360,"column":4},"end":{"line":365,"column":5}},{"start":{"line":360,"column":4},"end":{"line":365,"column":5}}],"line":360},"36":{"loc":{"start":{"line":362,"column":6},"end":{"line":364,"column":7}},"type":"if","locations":[{"start":{"line":362,"column":6},"end":{"line":364,"column":7}},{"start":{"line":362,"column":6},"end":{"line":364,"column":7}}],"line":362},"37":{"loc":{"start":{"line":378,"column":10},"end":{"line":378,"column":32}},"type":"binary-expr","locations":[{"start":{"line":378,"column":10},"end":{"line":378,"column":26}},{"start":{"line":378,"column":30},"end":{"line":378,"column":32}}],"line":378},"38":{"loc":{"start":{"line":379,"column":10},"end":{"line":379,"column":27}},"type":"binary-expr","locations":[{"start":{"line":379,"column":10},"end":{"line":379,"column":21}},{"start":{"line":379,"column":25},"end":{"line":379,"column":27}}],"line":379},"39":{"loc":{"start":{"line":380,"column":10},"end":{"line":380,"column":113}},"type":"cond-expr","locations":[{"start":{"line":380,"column":70},"end":{"line":380,"column":108}},{"start":{"line":380,"column":111},"end":{"line":380,"column":113}}],"line":380},"40":{"loc":{"start":{"line":380,"column":10},"end":{"line":380,"column":67}},"type":"binary-expr","locations":[{"start":{"line":380,"column":10},"end":{"line":380,"column":30}},{"start":{"line":380,"column":34},"end":{"line":380,"column":67}}],"line":380},"41":{"loc":{"start":{"line":384,"column":4},"end":{"line":387,"column":5}},"type":"if","locations":[{"start":{"line":384,"column":4},"end":{"line":387,"column":5}},{"start":{"line":384,"column":4},"end":{"line":387,"column":5}}],"line":384},"42":{"loc":{"start":{"line":388,"column":4},"end":{"line":390,"column":5}},"type":"if","locations":[{"start":{"line":388,"column":4},"end":{"line":390,"column":5}},{"start":{"line":388,"column":4},"end":{"line":390,"column":5}}],"line":388},"43":{"loc":{"start":{"line":391,"column":4},"end":{"line":399,"column":5}},"type":"if","locations":[{"start":{"line":391,"column":4},"end":{"line":399,"column":5}},{"start":{"line":391,"column":4},"end":{"line":399,"column":5}}],"line":391},"44":{"loc":{"start":{"line":420,"column":46},"end":{"line":420,"column":64}},"type":"default-arg","locations":[{"start":{"line":420,"column":60},"end":{"line":420,"column":64}}],"line":420},"45":{"loc":{"start":{"line":427,"column":4},"end":{"line":438,"column":5}},"type":"if","locations":[{"start":{"line":427,"column":4},"end":{"line":438,"column":5}},{"start":{"line":427,"column":4},"end":{"line":438,"column":5}}],"line":427},"46":{"loc":{"start":{"line":429,"column":6},"end":{"line":435,"column":7}},"type":"if","locations":[{"start":{"line":429,"column":6},"end":{"line":435,"column":7}},{"start":{"line":429,"column":6},"end":{"line":435,"column":7}}],"line":429},"47":{"loc":{"start":{"line":431,"column":13},"end":{"line":435,"column":7}},"type":"if","locations":[{"start":{"line":431,"column":13},"end":{"line":435,"column":7}},{"start":{"line":431,"column":13},"end":{"line":435,"column":7}}],"line":431},"48":{"loc":{"start":{"line":473,"column":6},"end":{"line":473,"column":51}},"type":"if","locations":[{"start":{"line":473,"column":6},"end":{"line":473,"column":51}},{"start":{"line":473,"column":6},"end":{"line":473,"column":51}}],"line":473},"49":{"loc":{"start":{"line":484,"column":4},"end":{"line":491,"column":5}},"type":"if","locations":[{"start":{"line":484,"column":4},"end":{"line":491,"column":5}},{"start":{"line":484,"column":4},"end":{"line":491,"column":5}}],"line":484},"50":{"loc":{"start":{"line":486,"column":8},"end":{"line":487,"column":102}},"type":"if","locations":[{"start":{"line":486,"column":8},"end":{"line":487,"column":102}},{"start":{"line":486,"column":8},"end":{"line":487,"column":102}}],"line":486}},"s":{"0":1,"1":1,"2":16,"3":1,"4":15,"5":7,"6":16,"7":5,"8":11,"9":3,"10":2,"11":3,"12":1,"13":8,"14":3,"15":3,"16":3,"17":16,"18":47,"19":16,"20":13,"21":13,"22":13,"23":1,"24":1,"25":1,"26":1,"27":1,"28":1,"29":22,"30":22,"31":11,"32":22,"33":1,"34":22,"35":1,"36":22,"37":1,"38":22,"39":0,"40":22,"41":1,"42":22,"43":0,"44":22,"45":5,"46":4,"47":1,"48":21,"49":3,"50":1,"51":1,"52":4,"53":4,"54":1,"55":4,"56":1,"57":4,"58":0,"59":4,"60":13,"61":6,"62":6,"63":6,"64":13,"65":10,"66":10,"67":2,"68":2,"69":10,"70":0,"71":10,"72":2,"73":2,"74":2,"75":2,"76":8,"77":6,"78":6,"79":5,"80":5,"81":0,"82":5,"83":0,"84":5,"85":1,"86":5,"87":5,"88":1,"89":4,"90":4,"91":4,"92":4,"93":1,"94":1,"95":4,"96":4,"97":4,"98":3,"99":5,"100":2,"101":1,"102":1},"f":{"0":16,"1":47,"2":1,"3":22,"4":3,"5":1,"6":1,"7":4,"8":13,"9":10,"10":2,"11":2,"12":6,"13":5,"14":1,"15":4,"16":4,"17":4,"18":5},"b":{"0":[0],"1":[1,15],"2":[7,8],"3":[5,11],"4":[3,8],"5":[2,1],"6":[1,2],"7":[3,5],"8":[3,44],"9":[47,45],"10":[16,16],"11":[4,12],"12":[13,13],"13":[13,13],"14":[1],"15":[22],"16":[11,11],"17":[1,21],"18":[1,21],"19":[1,21],"20":[0,22],"21":[1,21],"22":[0,22],"23":[5,17],"24":[4,1],"25":[0,21],"26":[0],"27":[0],"28":[3],"29":[4],"30":[1,3],"31":[1,3],"32":[0,4],"33":[1],"34":[13],"35":[6,7],"36":[6,0],"37":[10,0],"38":[10,6],"39":[2,8],"40":[10,2],"41":[2,8],"42":[0,10],"43":[2,8],"44":[6],"45":[5,1],"46":[0,5],"47":[0,5],"48":[4,0],"49":[3,1],"50":[2,3]},"_coverageSchema":"332fd63041d2c1bcb487cc26dd0d5f7d97098a6c","hash":"5021aad361c7d8aefdda8a3f8657b80d822ad5c5"}
}
