TN:
SF:/Users/alexandermorris/Downloads/uport-credentials-develop/lib/Contract.js
FN:28,_interopRequireDefault
FN:32,isTransactionObject
FN:66,getCallableMethodsFromABI
FN:67,(anonymous_3)
FN:72,encodeMethodReadable
FN:98,ContractFactory
FN:99,(anonymous_6)
FN:101,atContract
FN:103,Contract
FN:108,(anonymous_9)
FN:109,contractMethod
FNF:11
FNH:11
FNDA:10,_interopRequireDefault
FNDA:8,isTransactionObject
FNDA:6,getCallableMethodsFromABI
FNDA:77,(anonymous_3)
FNDA:8,encodeMethodReadable
FNDA:6,ContractFactory
FNDA:7,(anonymous_6)
FNDA:6,atContract
FNDA:6,Contract
FNDA:67,(anonymous_9)
FNDA:10,contractMethod
DA:3,2
DA:6,2
DA:8,2
DA:10,2
DA:12,2
DA:14,2
DA:16,2
DA:18,2
DA:20,2
DA:22,2
DA:24,2
DA:26,2
DA:28,10
DA:32,2
DA:33,8
DA:34,8
DA:36,2
DA:38,2
DA:39,2
DA:40,2
DA:42,2
DA:43,2
DA:44,12
DA:46,12
DA:49,0
DA:50,0
DA:52,2
DA:53,2
DA:54,0
DA:57,2
DA:58,0
DA:63,1
DA:66,2
DA:67,6
DA:68,77
DA:72,2
DA:73,8
DA:75,8
DA:76,12
DA:77,12
DA:79,12
DA:80,4
DA:81,8
DA:84,0
DA:86,8
DA:89,12
DA:91,12
DA:92,4
DA:95,8
DA:98,2
DA:99,6
DA:100,7
DA:101,7
DA:104,6
DA:105,6
DA:106,6
DA:108,6
DA:109,67
DA:111,10
DA:112,1
DA:115,9
DA:116,1
DA:119,8
DA:120,8
DA:121,8
DA:123,8
DA:125,8
DA:126,1
DA:129,8
DA:134,8
DA:136,7
DA:137,7
DA:143,6
DA:146,7
DA:150,2
LF:75
LH:70
BRDA:28,0,0,10
BRDA:28,0,1,0
BRDA:28,1,0,10
BRDA:28,1,1,10
BRDA:34,2,0,6
BRDA:34,2,1,2
BRDA:34,3,0,5
BRDA:34,3,1,3
BRDA:36,4,0,0
BRDA:36,4,1,2
BRDA:46,5,0,1
BRDA:46,5,1,11
BRDA:53,6,0,0
BRDA:53,6,1,2
BRDA:53,7,0,2
BRDA:53,7,1,1
BRDA:57,8,0,0
BRDA:57,8,1,2
BRDA:68,9,0,77
BRDA:68,9,1,20
BRDA:68,9,2,67
BRDA:79,10,0,4
BRDA:79,10,1,8
BRDA:81,11,0,0
BRDA:81,11,1,8
BRDA:81,12,0,8
BRDA:81,12,1,0
BRDA:91,13,0,4
BRDA:91,13,1,8
BRDA:105,14,0,6
BRDA:105,14,1,0
BRDA:106,15,0,6
BRDA:106,15,1,0
BRDA:111,16,0,1
BRDA:111,16,1,9
BRDA:115,17,0,1
BRDA:115,17,1,8
BRDA:123,18,0,8
BRDA:123,18,1,0
BRDA:125,19,0,1
BRDA:125,19,1,7
BRDA:134,20,0,1
BRDA:134,20,1,7
BRF:43
BRH:34
end_of_record
TN:
SF:/Users/alexandermorris/Downloads/uport-credentials-develop/lib/Credentials.js
FN:69,_interopRequireDefault
FN:87,(anonymous_1)
FN:147,Credentials
FN:183,(anonymous_3)
FN:237,createDisclosureRequest
FN:282,createVerification
FN:323,createVerificationSignatureRequest
FN:391,createTypedDataSignatureRequest
FN:432,createTxRequest
FN:470,(anonymous_9)
FN:471,_callee
FN:475,_callee$
FN:505,createDisclosureResponse
FN:522,(anonymous_13)
FN:523,_callee2
FN:529,_callee2$
FN:552,(anonymous_16)
FN:559,(anonymous_17)
FN:575,processDisclosurePayload
FN:603,(anonymous_19)
FN:604,_callee3
FN:609,_callee3$
FN:669,authenticateDisclosureResponse
FN:696,(anonymous_23)
FN:697,_callee4
FN:700,_callee4$
FN:721,verifyDisclosure
FN:739,contract
FN:742,txObjHandler
FN:751,createIdentity
FN:763,configNetworks
FN:764,(anonymous_31)
FN:767,(anonymous_32)
FNF:33
FNH:33
FNDA:13,_interopRequireDefault
FNDA:1,(anonymous_1)
FNDA:16,Credentials
FNDA:47,(anonymous_3)
FNDA:22,createDisclosureRequest
FNDA:3,createVerification
FNDA:1,createVerificationSignatureRequest
FNDA:1,createTypedDataSignatureRequest
FNDA:4,createTxRequest
FNDA:1,(anonymous_9)
FNDA:13,_callee
FNDA:32,_callee$
FNDA:13,createDisclosureResponse
FNDA:1,(anonymous_13)
FNDA:10,_callee2
FNDA:22,_callee2$
FNDA:2,(anonymous_16)
FNDA:2,(anonymous_17)
FNDA:10,processDisclosurePayload
FNDA:1,(anonymous_19)
FNDA:6,_callee3
FNDA:23,_callee3$
FNDA:6,authenticateDisclosureResponse
FNDA:1,(anonymous_23)
FNDA:5,_callee4
FNDA:15,_callee4$
FNDA:5,verifyDisclosure
FNDA:1,contract
FNDA:4,txObjHandler
FNDA:1,createIdentity
FNDA:4,configNetworks
FNDA:4,(anonymous_31)
FNDA:5,(anonymous_32)
DA:3,1
DA:7,1
DA:9,1
DA:11,1
DA:13,1
DA:15,1
DA:17,1
DA:19,1
DA:21,1
DA:23,1
DA:25,1
DA:27,1
DA:29,1
DA:31,1
DA:33,1
DA:35,1
DA:37,1
DA:39,1
DA:41,1
DA:43,1
DA:45,1
DA:47,1
DA:49,1
DA:51,1
DA:53,1
DA:55,1
DA:57,1
DA:59,1
DA:61,1
DA:63,1
DA:65,1
DA:67,1
DA:69,13
DA:71,1
DA:73,1
DA:87,1
DA:148,16
DA:150,16
DA:151,16
DA:152,16
DA:153,16
DA:154,16
DA:155,16
DA:156,16
DA:157,16
DA:158,16
DA:160,16
DA:162,16
DA:163,1
DA:164,15
DA:165,7
DA:168,16
DA:169,5
DA:170,11
DA:171,3
DA:172,2
DA:174,3
DA:175,1
DA:177,8
DA:178,3
DA:179,3
DA:180,3
DA:183,16
DA:184,47
DA:192,16
DA:193,13
DA:194,13
DA:195,13
DA:211,1
DA:238,22
DA:239,22
DA:241,22
DA:242,22
DA:243,22
DA:244,22
DA:245,22
DA:246,22
DA:247,22
DA:248,22
DA:250,22
DA:251,5
DA:252,4
DA:254,1
DA:258,21
DA:283,3
DA:284,3
DA:285,3
DA:286,3
DA:288,3
DA:324,1
DA:325,1
DA:326,1
DA:327,1
DA:328,1
DA:329,1
DA:331,1
DA:392,1
DA:393,1
DA:394,1
DA:395,1
DA:398,1
DA:433,4
DA:434,4
DA:435,4
DA:436,4
DA:437,4
DA:438,4
DA:440,4
DA:441,4
DA:442,4
DA:443,4
DA:444,4
DA:471,1
DA:472,13
DA:473,13
DA:475,13
DA:476,32
DA:477,39
DA:479,13
DA:480,7
DA:481,7
DA:484,6
DA:485,6
DA:488,6
DA:490,6
DA:491,6
DA:495,13
DA:499,13
DA:506,13
DA:509,1
DA:523,1
DA:524,10
DA:526,10
DA:527,10
DA:529,10
DA:530,22
DA:531,30
DA:533,10
DA:538,10
DA:539,2
DA:540,2
DA:542,10
DA:543,0
DA:546,10
DA:547,8
DA:548,8
DA:551,2
DA:552,2
DA:553,2
DA:557,2
DA:558,2
DA:560,2
DA:565,8
DA:569,10
DA:576,10
DA:579,1
DA:604,1
DA:605,6
DA:609,6
DA:610,23
DA:611,34
DA:613,6
DA:614,6
DA:621,6
DA:622,6
DA:623,6
DA:625,6
DA:626,1
DA:627,1
DA:630,5
DA:631,5
DA:634,5
DA:636,5
DA:637,5
DA:638,5
DA:641,0
DA:644,5
DA:645,5
DA:646,5
DA:649,0
DA:652,5
DA:655,0
DA:656,0
DA:659,1
DA:663,6
DA:670,6
DA:673,1
DA:697,1
DA:700,5
DA:701,15
DA:702,15
DA:704,5
DA:705,5
DA:708,5
DA:709,5
DA:710,5
DA:711,5
DA:715,5
DA:722,5
DA:725,1
DA:740,1
DA:742,1
DA:743,4
DA:744,4
DA:745,4
DA:747,1
DA:752,1
DA:753,1
DA:754,1
DA:755,1
DA:756,1
DA:757,1
DA:760,1
DA:763,1
DA:764,4
DA:765,4
DA:766,4
DA:767,3
DA:768,5
DA:771,1
DA:774,1
DA:777,1
LF:222
LH:217
BRDA:69,0,0,9
BRDA:69,0,1,4
BRDA:69,1,0,13
BRDA:69,1,1,13
BRDA:150,2,0,16
BRDA:150,2,1,0
BRDA:150,3,0,16
BRDA:150,3,1,16
BRDA:162,4,0,1
BRDA:162,4,1,15
BRDA:164,5,0,7
BRDA:164,5,1,8
BRDA:168,6,0,5
BRDA:168,6,1,11
BRDA:170,7,0,3
BRDA:170,7,1,8
BRDA:171,8,0,2
BRDA:171,8,1,1
BRDA:174,9,0,1
BRDA:174,9,1,2
BRDA:177,10,0,3
BRDA:177,10,1,5
BRDA:187,11,0,3
BRDA:187,11,1,44
BRDA:187,12,0,47
BRDA:187,12,1,45
BRDA:192,13,0,16
BRDA:192,13,1,16
BRDA:192,14,0,4
BRDA:192,14,1,12
BRDA:193,15,0,13
BRDA:193,15,1,13
BRDA:194,16,0,13
BRDA:194,16,1,13
BRDA:238,17,0,21
BRDA:238,17,1,1
BRDA:238,18,0,22
BRDA:238,18,1,21
BRDA:239,19,0,0
BRDA:239,19,1,22
BRDA:239,20,0,22
BRDA:239,20,1,0
BRDA:242,21,0,11
BRDA:242,21,1,11
BRDA:243,22,0,1
BRDA:243,22,1,21
BRDA:244,23,0,1
BRDA:244,23,1,21
BRDA:245,24,0,1
BRDA:245,24,1,21
BRDA:246,25,0,0
BRDA:246,25,1,22
BRDA:247,26,0,1
BRDA:247,26,1,21
BRDA:248,27,0,0
BRDA:248,27,1,22
BRDA:250,28,0,5
BRDA:250,28,1,17
BRDA:251,29,0,4
BRDA:251,29,1,1
BRDA:258,30,0,0
BRDA:258,30,1,21
BRDA:324,31,0,1
BRDA:324,31,1,0
BRDA:324,32,0,1
BRDA:324,32,1,1
BRDA:392,33,0,1
BRDA:392,33,1,0
BRDA:392,34,0,1
BRDA:392,34,1,1
BRDA:433,35,0,1
BRDA:433,35,1,3
BRDA:433,36,0,4
BRDA:433,36,1,4
BRDA:436,37,0,4
BRDA:436,37,1,0
BRDA:441,38,0,1
BRDA:441,38,1,3
BRDA:442,39,0,1
BRDA:442,39,1,3
BRDA:443,40,0,0
BRDA:443,40,1,4
BRDA:472,41,0,12
BRDA:472,41,1,1
BRDA:472,42,0,13
BRDA:472,42,1,12
BRDA:473,43,0,0
BRDA:473,43,1,13
BRDA:473,44,0,13
BRDA:473,44,1,0
BRDA:477,45,0,13
BRDA:477,45,1,6
BRDA:477,45,2,13
BRDA:477,45,3,0
BRDA:477,45,4,13
BRDA:479,46,0,7
BRDA:479,46,1,6
BRDA:490,47,0,6
BRDA:490,47,1,0
BRDA:531,48,0,10
BRDA:531,48,1,2
BRDA:531,48,2,8
BRDA:531,48,3,0
BRDA:531,48,4,10
BRDA:533,49,0,10
BRDA:533,49,1,0
BRDA:533,50,0,10
BRDA:533,50,1,6
BRDA:533,51,0,2
BRDA:533,51,1,8
BRDA:533,52,0,10
BRDA:533,52,1,2
BRDA:538,53,0,2
BRDA:538,53,1,8
BRDA:542,54,0,0
BRDA:542,54,1,10
BRDA:546,55,0,8
BRDA:546,55,1,2
BRDA:605,56,0,0
BRDA:605,56,1,6
BRDA:605,57,0,6
BRDA:605,57,1,0
BRDA:611,58,0,6
BRDA:611,58,1,6
BRDA:611,58,2,5
BRDA:611,58,3,5
BRDA:611,58,4,5
BRDA:611,58,5,0
BRDA:611,58,6,1
BRDA:611,58,7,0
BRDA:611,58,8,6
BRDA:625,59,0,1
BRDA:625,59,1,5
BRDA:636,60,0,5
BRDA:636,60,1,0
BRDA:644,61,0,5
BRDA:644,61,1,0
BRDA:702,62,0,5
BRDA:702,62,1,5
BRDA:702,62,2,0
BRDA:702,62,3,5
BRDA:743,63,0,4
BRDA:743,63,1,0
BRDA:766,64,0,3
BRDA:766,64,1,1
BRDA:766,65,0,0
BRDA:766,65,1,4
BRDA:768,66,0,2
BRDA:768,66,1,3
BRF:149
BRH:123
end_of_record
TN:
SF:/Users/alexandermorris/Downloads/uport-credentials-develop/src/Contract.js
FN:4,(anonymous_0)
FN:17,(anonymous_1)
FN:18,(anonymous_2)
FN:21,(anonymous_3)
FN:47,(anonymous_4)
FN:47,(anonymous_5)
FN:49,atContract
FN:51,Contract
FN:56,(anonymous_8)
FN:57,contractMethod
FNF:10
FNH:10
FNDA:8,(anonymous_0)
FNDA:6,(anonymous_1)
FNDA:77,(anonymous_2)
FNDA:8,(anonymous_3)
FNDA:6,(anonymous_4)
FNDA:7,(anonymous_5)
FNDA:6,atContract
FNDA:6,Contract
FNDA:67,(anonymous_8)
FNDA:10,contractMethod
DA:4,2
DA:5,8
DA:6,8
DA:8,2
DA:10,2
DA:11,12
DA:14,1
DA:17,2
DA:18,77
DA:21,2
DA:22,8
DA:24,8
DA:25,12
DA:26,12
DA:28,12
DA:29,4
DA:30,8
DA:33,0
DA:35,8
DA:38,12
DA:40,12
DA:41,4
DA:44,8
DA:47,6
DA:48,7
DA:49,7
DA:52,6
DA:53,6
DA:54,6
DA:56,6
DA:57,67
DA:59,10
DA:60,1
DA:63,9
DA:64,1
DA:67,8
DA:68,8
DA:69,8
DA:71,8
DA:73,8
DA:74,1
DA:77,8
DA:83,8
DA:85,7
DA:86,7
DA:92,6
DA:95,7
LF:47
LH:46
BRDA:6,0,0,6
BRDA:6,0,1,2
BRDA:8,1,0,0
BRDA:8,1,1,2
BRDA:11,2,0,1
BRDA:11,2,1,11
BRDA:18,3,0,77
BRDA:18,3,1,20
BRDA:18,3,2,67
BRDA:28,4,0,4
BRDA:28,4,1,8
BRDA:30,5,0,0
BRDA:30,5,1,8
BRDA:30,6,0,8
BRDA:30,6,1,0
BRDA:40,7,0,4
BRDA:40,7,1,8
BRDA:53,8,0,6
BRDA:53,8,1,0
BRDA:54,9,0,6
BRDA:54,9,1,0
BRDA:59,10,0,1
BRDA:59,10,1,9
BRDA:63,11,0,1
BRDA:63,11,1,8
BRDA:71,12,0,8
BRDA:71,12,1,0
BRDA:73,13,0,1
BRDA:73,13,1,7
BRDA:83,14,0,1
BRDA:83,14,1,7
BRF:31
BRH:25
end_of_record
TN:
SF:/Users/alexandermorris/Downloads/uport-credentials-develop/src/Credentials.js
FN:90,(anonymous_0)
FN:112,(anonymous_1)
FN:137,(anonymous_2)
FN:168,(anonymous_3)
FN:207,(anonymous_4)
FN:240,(anonymous_5)
FN:298,(anonymous_6)
FN:331,(anonymous_7)
FN:359,(anonymous_8)
FN:376,(anonymous_9)
FN:392,(anonymous_10)
FN:395,(anonymous_11)
FN:420,(anonymous_12)
FN:458,(anonymous_13)
FN:471,(anonymous_14)
FN:472,(anonymous_15)
FN:481,(anonymous_16)
FN:482,(anonymous_17)
FN:485,(anonymous_18)
FNF:19
FNH:19
FNDA:16,(anonymous_0)
FNDA:47,(anonymous_1)
FNDA:1,(anonymous_2)
FNDA:22,(anonymous_3)
FNDA:3,(anonymous_4)
FNDA:1,(anonymous_5)
FNDA:1,(anonymous_6)
FNDA:4,(anonymous_7)
FNDA:13,(anonymous_8)
FNDA:10,(anonymous_9)
FNDA:2,(anonymous_10)
FNDA:2,(anonymous_11)
FNDA:6,(anonymous_12)
FNDA:5,(anonymous_13)
FNDA:1,(anonymous_14)
FNDA:4,(anonymous_15)
FNDA:4,(anonymous_16)
FNDA:4,(anonymous_17)
FNDA:5,(anonymous_18)
DA:14,1
DA:16,1
DA:91,16
DA:92,1
DA:93,15
DA:94,7
DA:97,16
DA:98,5
DA:99,11
DA:100,3
DA:101,2
DA:103,3
DA:104,1
DA:106,8
DA:107,3
DA:108,3
DA:109,3
DA:112,16
DA:113,47
DA:120,16
DA:121,13
DA:122,13
DA:123,13
DA:138,1
DA:139,1
DA:140,1
DA:141,1
DA:142,1
DA:143,1
DA:169,22
DA:170,22
DA:171,22
DA:172,22
DA:173,22
DA:174,22
DA:175,22
DA:176,22
DA:178,22
DA:179,5
DA:180,4
DA:182,1
DA:186,21
DA:208,3
DA:241,1
DA:300,1
DA:332,4
DA:333,4
DA:334,4
DA:335,4
DA:336,4
DA:360,13
DA:361,6
DA:362,6
DA:363,6
DA:366,13
DA:377,10
DA:384,10
DA:385,2
DA:386,2
DA:388,10
DA:389,0
DA:391,10
DA:392,2
DA:393,2
DA:395,2
DA:398,8
DA:421,6
DA:427,6
DA:428,5
DA:429,5
DA:430,0
DA:431,5
DA:432,0
DA:434,5
DA:437,1
DA:459,5
DA:460,5
DA:472,1
DA:473,4
DA:474,4
DA:475,4
DA:477,1
DA:481,1
DA:482,4
DA:483,4
DA:484,4
DA:485,3
DA:486,5
DA:487,2
DA:490,1
DA:493,1
LF:91
LH:88
BRDA:90,0,0,0
BRDA:91,1,0,1
BRDA:91,1,1,15
BRDA:93,2,0,7
BRDA:93,2,1,8
BRDA:97,3,0,5
BRDA:97,3,1,11
BRDA:99,4,0,3
BRDA:99,4,1,8
BRDA:100,5,0,2
BRDA:100,5,1,1
BRDA:103,6,0,1
BRDA:103,6,1,2
BRDA:106,7,0,3
BRDA:106,7,1,5
BRDA:116,8,0,3
BRDA:116,8,1,44
BRDA:116,9,0,47
BRDA:116,9,1,45
BRDA:120,10,0,16
BRDA:120,10,1,16
BRDA:120,11,0,4
BRDA:120,11,1,12
BRDA:121,12,0,13
BRDA:121,12,1,13
BRDA:122,13,0,13
BRDA:122,13,1,13
BRDA:168,14,0,1
BRDA:168,15,0,22
BRDA:170,16,0,11
BRDA:170,16,1,11
BRDA:171,17,0,1
BRDA:171,17,1,21
BRDA:172,18,0,1
BRDA:172,18,1,21
BRDA:173,19,0,1
BRDA:173,19,1,21
BRDA:174,20,0,0
BRDA:174,20,1,22
BRDA:175,21,0,1
BRDA:175,21,1,21
BRDA:176,22,0,0
BRDA:176,22,1,22
BRDA:178,23,0,5
BRDA:178,23,1,17
BRDA:179,24,0,4
BRDA:179,24,1,1
BRDA:186,25,0,0
BRDA:186,25,1,21
BRDA:240,26,0,0
BRDA:298,27,0,0
BRDA:331,28,0,3
BRDA:331,29,0,4
BRDA:333,30,0,1
BRDA:333,30,1,3
BRDA:334,31,0,1
BRDA:334,31,1,3
BRDA:335,32,0,0
BRDA:335,32,1,4
BRDA:359,33,0,1
BRDA:359,34,0,13
BRDA:360,35,0,6
BRDA:360,35,1,7
BRDA:362,36,0,6
BRDA:362,36,1,0
BRDA:378,37,0,10
BRDA:378,37,1,0
BRDA:379,38,0,10
BRDA:379,38,1,6
BRDA:380,39,0,2
BRDA:380,39,1,8
BRDA:380,40,0,10
BRDA:380,40,1,2
BRDA:384,41,0,2
BRDA:384,41,1,8
BRDA:388,42,0,0
BRDA:388,42,1,10
BRDA:391,43,0,2
BRDA:391,43,1,8
BRDA:420,44,0,6
BRDA:427,45,0,5
BRDA:427,45,1,1
BRDA:429,46,0,0
BRDA:429,46,1,5
BRDA:431,47,0,0
BRDA:431,47,1,5
BRDA:473,48,0,4
BRDA:473,48,1,0
BRDA:484,49,0,3
BRDA:484,49,1,1
BRDA:486,50,0,2
BRDA:486,50,1,3
BRF:92
BRH:79
end_of_record
